2022-08-31 15:16:21.061 [main] WARN  org.mybatis.spring.mapper.ClassPathMapperScanner - Skipping MapperFactoryBean with name 'IColumnInfoMapper' and 'com.yyok.share.admin.generator.service.mapper.IColumnInfoMapper' mapperInterface. Bean already defined with the same name!
2022-08-31 15:16:21.062 [main] WARN  org.mybatis.spring.mapper.ClassPathMapperScanner - Skipping MapperFactoryBean with name 'IGenConfigMapper' and 'com.yyok.share.admin.generator.service.mapper.IGenConfigMapper' mapperInterface. Bean already defined with the same name!
2022-08-31 15:16:21.062 [main] WARN  org.mybatis.spring.mapper.ClassPathMapperScanner - Skipping MapperFactoryBean with name 'IDeptMapper' and 'com.yyok.share.admin.info.service.mapper.IDeptMapper' mapperInterface. Bean already defined with the same name!
2022-08-31 15:16:21.063 [main] WARN  org.mybatis.spring.mapper.ClassPathMapperScanner - Skipping MapperFactoryBean with name 'IDictInfoDetailMapper' and 'com.yyok.share.admin.info.service.mapper.IDictInfoDetailMapper' mapperInterface. Bean already defined with the same name!
2022-08-31 15:16:21.063 [main] WARN  org.mybatis.spring.mapper.ClassPathMapperScanner - Skipping MapperFactoryBean with name 'IDictInfoMapper' and 'com.yyok.share.admin.info.service.mapper.IDictInfoMapper' mapperInterface. Bean already defined with the same name!
2022-08-31 15:16:21.063 [main] WARN  org.mybatis.spring.mapper.ClassPathMapperScanner - Skipping MapperFactoryBean with name 'IJobMapper' and 'com.yyok.share.admin.info.service.mapper.IJobMapper' mapperInterface. Bean already defined with the same name!
2022-08-31 15:16:21.063 [main] WARN  org.mybatis.spring.mapper.ClassPathMapperScanner - Skipping MapperFactoryBean with name 'IUserAvatarMapper' and 'com.yyok.share.admin.info.service.mapper.IUserAvatarMapper' mapperInterface. Bean already defined with the same name!
2022-08-31 15:16:21.063 [main] WARN  org.mybatis.spring.mapper.ClassPathMapperScanner - Skipping MapperFactoryBean with name 'IUserMapper' and 'com.yyok.share.admin.info.service.mapper.IUserMapper' mapperInterface. Bean already defined with the same name!
2022-08-31 15:16:21.063 [main] WARN  org.mybatis.spring.mapper.ClassPathMapperScanner - Skipping MapperFactoryBean with name 'IKafkaMapper' and 'com.yyok.share.admin.kafka.service.mapper.IKafkaMapper' mapperInterface. Bean already defined with the same name!
2022-08-31 15:16:21.063 [main] WARN  org.mybatis.spring.mapper.ClassPathMapperScanner - Skipping MapperFactoryBean with name 'ILogMapper' and 'com.yyok.share.admin.logging.service.mapper.ILogMapper' mapperInterface. Bean already defined with the same name!
2022-08-31 15:16:21.063 [main] WARN  org.mybatis.spring.mapper.ClassPathMapperScanner - Skipping MapperFactoryBean with name 'IVisitsMapper' and 'com.yyok.share.admin.monitor.service.mapper.IVisitsMapper' mapperInterface. Bean already defined with the same name!
2022-08-31 15:16:21.063 [main] WARN  org.mybatis.spring.mapper.ClassPathMapperScanner - Skipping MapperFactoryBean with name 'IQuartzJobMapper' and 'com.yyok.share.admin.quartz.service.mapper.IQuartzJobMapper' mapperInterface. Bean already defined with the same name!
2022-08-31 15:16:21.064 [main] WARN  org.mybatis.spring.mapper.ClassPathMapperScanner - Skipping MapperFactoryBean with name 'IQuartzLogMapper' and 'com.yyok.share.admin.quartz.service.mapper.IQuartzLogMapper' mapperInterface. Bean already defined with the same name!
2022-08-31 15:16:21.064 [main] WARN  org.mybatis.spring.mapper.ClassPathMapperScanner - Skipping MapperFactoryBean with name 'IAccountAvatarMapper' and 'com.yyok.share.admin.system.service.mapper.IAccountAvatarMapper' mapperInterface. Bean already defined with the same name!
2022-08-31 15:16:21.064 [main] WARN  org.mybatis.spring.mapper.ClassPathMapperScanner - Skipping MapperFactoryBean with name 'IAccountMapper' and 'com.yyok.share.admin.system.service.mapper.IAccountMapper' mapperInterface. Bean already defined with the same name!
2022-08-31 15:16:21.064 [main] WARN  org.mybatis.spring.mapper.ClassPathMapperScanner - Skipping MapperFactoryBean with name 'IAccountsRolesMapper' and 'com.yyok.share.admin.system.service.mapper.IAccountsRolesMapper' mapperInterface. Bean already defined with the same name!
2022-08-31 15:16:21.064 [main] WARN  org.mybatis.spring.mapper.ClassPathMapperScanner - Skipping MapperFactoryBean with name 'IDictDetailMapper' and 'com.yyok.share.admin.system.service.mapper.IDictDetailMapper' mapperInterface. Bean already defined with the same name!
2022-08-31 15:16:21.064 [main] WARN  org.mybatis.spring.mapper.ClassPathMapperScanner - Skipping MapperFactoryBean with name 'IDictMapper' and 'com.yyok.share.admin.system.service.mapper.IDictMapper' mapperInterface. Bean already defined with the same name!
2022-08-31 15:16:21.064 [main] WARN  org.mybatis.spring.mapper.ClassPathMapperScanner - Skipping MapperFactoryBean with name 'IResourceMapper' and 'com.yyok.share.admin.system.service.mapper.IResourceMapper' mapperInterface. Bean already defined with the same name!
2022-08-31 15:16:21.064 [main] WARN  org.mybatis.spring.mapper.ClassPathMapperScanner - Skipping MapperFactoryBean with name 'IRoleMapper' and 'com.yyok.share.admin.system.service.mapper.IRoleMapper' mapperInterface. Bean already defined with the same name!
2022-08-31 15:16:21.064 [main] WARN  org.mybatis.spring.mapper.ClassPathMapperScanner - Skipping MapperFactoryBean with name 'IRolesAbacMapper' and 'com.yyok.share.admin.system.service.mapper.IRolesAbacMapper' mapperInterface. Bean already defined with the same name!
2022-08-31 15:16:21.065 [main] WARN  org.mybatis.spring.mapper.ClassPathMapperScanner - Skipping MapperFactoryBean with name 'IRolesAclMapper' and 'com.yyok.share.admin.system.service.mapper.IRolesAclMapper' mapperInterface. Bean already defined with the same name!
2022-08-31 15:16:21.065 [main] WARN  org.mybatis.spring.mapper.ClassPathMapperScanner - Skipping MapperFactoryBean with name 'IRolesDeptsMapper' and 'com.yyok.share.admin.system.service.mapper.IRolesDeptsMapper' mapperInterface. Bean already defined with the same name!
2022-08-31 15:16:21.065 [main] WARN  org.mybatis.spring.mapper.ClassPathMapperScanner - Skipping MapperFactoryBean with name 'IRolesResourcesMapper' and 'com.yyok.share.admin.system.service.mapper.IRolesResourcesMapper' mapperInterface. Bean already defined with the same name!
2022-08-31 15:16:21.065 [main] WARN  org.mybatis.spring.mapper.ClassPathMapperScanner - Skipping MapperFactoryBean with name 'ICAIdentityContainerMapper' and 'com.yyok.share.kpi.service.mapper.ICAIdentityContainerMapper' mapperInterface. Bean already defined with the same name!
2022-08-31 15:16:21.065 [main] WARN  org.mybatis.spring.mapper.ClassPathMapperScanner - Skipping MapperFactoryBean with name 'ICertificateAuthorityMapper' and 'com.yyok.share.kpi.service.mapper.ICertificateAuthorityMapper' mapperInterface. Bean already defined with the same name!
2022-08-31 15:16:21.065 [main] WARN  org.mybatis.spring.mapper.ClassPathMapperScanner - Skipping MapperFactoryBean with name 'IPKIReMapper' and 'com.yyok.share.kpi.service.mapper.IPKIReMapper' mapperInterface. Bean already defined with the same name!
2022-08-31 15:16:21.065 [main] WARN  org.mybatis.spring.mapper.ClassPathMapperScanner - No MyBatis mapper was found in '[com.yyok.**.**.service.mapper]' package. Please check your configuration.
2022-08-31 15:16:23.678 [main] WARN  c.b.mybatisplus.core.metadata.TableInfoHelper - Can not find table primary key in Class: "com.yyok.share.admin.generator.domain.GenConfig".
2022-08-31 15:16:23.683 [main] WARN  c.b.mybatisplus.core.injector.DefaultSqlInjector - class com.yyok.share.admin.generator.domain.GenConfig ,Not found @TableId annotation, Cannot use Mybatis-Plus 'xxById' Method.
2022-08-31 15:16:24.112 [main] WARN  org.dozer.config.GlobalSettings - Dozer configuration file not found: dozer.properties.  Using defaults for all Dozer global properties.
2022-08-31 15:16:24.145 [main] WARN  c.b.mybatisplus.core.metadata.TableInfoHelper - Can not find table primary key in Class: "com.yyok.share.admin.info.domain.Dept".
2022-08-31 15:16:24.146 [main] WARN  c.b.mybatisplus.core.injector.DefaultSqlInjector - class com.yyok.share.admin.info.domain.Dept ,Not found @TableId annotation, Cannot use Mybatis-Plus 'xxById' Method.
2022-08-31 15:16:24.167 [main] WARN  c.b.mybatisplus.core.metadata.TableInfoHelper - Can not find table primary key in Class: "com.yyok.share.admin.info.domain.Job".
2022-08-31 15:16:24.167 [main] WARN  c.b.mybatisplus.core.injector.DefaultSqlInjector - class com.yyok.share.admin.info.domain.Job ,Not found @TableId annotation, Cannot use Mybatis-Plus 'xxById' Method.
2022-08-31 15:16:24.188 [main] WARN  c.b.mybatisplus.core.metadata.TableInfoHelper - Can not find table primary key in Class: "com.yyok.share.admin.system.domain.RolesDepts".
2022-08-31 15:16:24.188 [main] WARN  c.b.mybatisplus.core.injector.DefaultSqlInjector - class com.yyok.share.admin.system.domain.RolesDepts ,Not found @TableId annotation, Cannot use Mybatis-Plus 'xxById' Method.
2022-08-31 15:16:24.252 [main] WARN  c.b.mybatisplus.core.metadata.TableInfoHelper - Can not find table primary key in Class: "com.yyok.share.admin.info.domain.User".
2022-08-31 15:16:24.253 [main] WARN  c.b.mybatisplus.core.injector.DefaultSqlInjector - class com.yyok.share.admin.info.domain.User ,Not found @TableId annotation, Cannot use Mybatis-Plus 'xxById' Method.
2022-08-31 15:16:24.275 [main] WARN  c.b.mybatisplus.core.metadata.TableInfoHelper - Can not find table primary key in Class: "com.yyok.share.admin.system.domain.Account".
2022-08-31 15:16:24.275 [main] WARN  c.b.mybatisplus.core.injector.DefaultSqlInjector - class com.yyok.share.admin.system.domain.Account ,Not found @TableId annotation, Cannot use Mybatis-Plus 'xxById' Method.
2022-08-31 15:16:24.298 [main] WARN  c.b.mybatisplus.core.metadata.TableInfoHelper - Can not find table primary key in Class: "com.yyok.share.admin.system.domain.AccountAvatar".
2022-08-31 15:16:24.298 [main] WARN  c.b.mybatisplus.core.injector.DefaultSqlInjector - class com.yyok.share.admin.system.domain.AccountAvatar ,Not found @TableId annotation, Cannot use Mybatis-Plus 'xxById' Method.
2022-08-31 15:16:24.355 [main] WARN  c.b.mybatisplus.core.metadata.TableInfoHelper - Can not find table primary key in Class: "com.yyok.share.admin.system.domain.Role".
2022-08-31 15:16:24.356 [main] WARN  c.b.mybatisplus.core.injector.DefaultSqlInjector - class com.yyok.share.admin.system.domain.Role ,Not found @TableId annotation, Cannot use Mybatis-Plus 'xxById' Method.
2022-08-31 15:16:25.160 [main] WARN  c.b.mybatisplus.core.metadata.TableInfoHelper - Can not find table primary key in Class: "com.yyok.share.admin.system.domain.Resource".
2022-08-31 15:16:25.161 [main] WARN  c.b.mybatisplus.core.injector.DefaultSqlInjector - class com.yyok.share.admin.system.domain.Resource ,Not found @TableId annotation, Cannot use Mybatis-Plus 'xxById' Method.
2022-08-31 15:16:25.186 [main] WARN  c.b.mybatisplus.core.metadata.TableInfoHelper - Can not find table primary key in Class: "com.yyok.share.admin.system.domain.RoleResource".
2022-08-31 15:16:25.186 [main] WARN  c.b.mybatisplus.core.injector.DefaultSqlInjector - class com.yyok.share.admin.system.domain.RoleResource ,Not found @TableId annotation, Cannot use Mybatis-Plus 'xxById' Method.
2022-08-31 15:16:25.594 [main] WARN  c.b.mybatisplus.core.metadata.TableInfoHelper - Can not find table primary key in Class: "com.yyok.share.admin.info.domain.DictInfo".
2022-08-31 15:16:25.595 [main] WARN  c.b.mybatisplus.core.injector.DefaultSqlInjector - class com.yyok.share.admin.info.domain.DictInfo ,Not found @TableId annotation, Cannot use Mybatis-Plus 'xxById' Method.
2022-08-31 15:16:25.681 [main] WARN  c.b.mybatisplus.core.metadata.TableInfoHelper - Can not find table primary key in Class: "com.yyok.share.admin.info.domain.DictInfoDetail".
2022-08-31 15:16:25.682 [main] WARN  c.b.mybatisplus.core.injector.DefaultSqlInjector - class com.yyok.share.admin.info.domain.DictInfoDetail ,Not found @TableId annotation, Cannot use Mybatis-Plus 'xxById' Method.
2022-08-31 15:16:25.791 [main] WARN  c.b.mybatisplus.core.metadata.TableInfoHelper - Can not find table primary key in Class: "com.yyok.share.admin.info.domain.UserAvatar".
2022-08-31 15:16:25.792 [main] WARN  c.b.mybatisplus.core.injector.DefaultSqlInjector - class com.yyok.share.admin.info.domain.UserAvatar ,Not found @TableId annotation, Cannot use Mybatis-Plus 'xxById' Method.
2022-08-31 15:16:25.892 [main] WARN  c.b.mybatisplus.core.metadata.TableInfoHelper - Can not find table primary key in Class: "com.yyok.share.admin.logging.domain.Log".
2022-08-31 15:16:25.892 [main] WARN  c.b.mybatisplus.core.injector.DefaultSqlInjector - class com.yyok.share.admin.logging.domain.Log ,Not found @TableId annotation, Cannot use Mybatis-Plus 'xxById' Method.
2022-08-31 15:16:25.966 [main] WARN  c.b.mybatisplus.core.metadata.TableInfoHelper - Can not find table primary key in Class: "com.yyok.share.admin.monitor.domain.Visits".
2022-08-31 15:16:25.967 [main] WARN  c.b.mybatisplus.core.injector.DefaultSqlInjector - class com.yyok.share.admin.monitor.domain.Visits ,Not found @TableId annotation, Cannot use Mybatis-Plus 'xxById' Method.
2022-08-31 15:16:26.144 [main] WARN  c.b.mybatisplus.core.metadata.TableInfoHelper - Can not find table primary key in Class: "com.yyok.share.kpi.domain.CAIdentityContainer".
2022-08-31 15:16:26.145 [main] WARN  c.b.mybatisplus.core.injector.DefaultSqlInjector - class com.yyok.share.kpi.domain.CAIdentityContainer ,Not found @TableId annotation, Cannot use Mybatis-Plus 'xxById' Method.
2022-08-31 15:16:26.251 [main] WARN  c.b.mybatisplus.core.metadata.TableInfoHelper - Can not find table primary key in Class: "com.yyok.share.kpi.domain.PKI".
2022-08-31 15:16:26.251 [main] WARN  c.b.mybatisplus.core.injector.DefaultSqlInjector - class com.yyok.share.kpi.domain.PKI ,Not found @TableId annotation, Cannot use Mybatis-Plus 'xxById' Method.
2022-08-31 15:16:26.269 [main] WARN  c.b.mybatisplus.core.metadata.TableInfoHelper - Can not find table primary key in Class: "com.yyok.share.kpi.domain.CertificateAuthority".
2022-08-31 15:16:26.269 [main] WARN  c.b.mybatisplus.core.injector.DefaultSqlInjector - class com.yyok.share.kpi.domain.CertificateAuthority ,Not found @TableId annotation, Cannot use Mybatis-Plus 'xxById' Method.
2022-08-31 15:16:26.608 [main] WARN  c.b.mybatisplus.core.metadata.TableInfoHelper - Can not find table primary key in Class: "com.yyok.share.admin.system.domain.AccountRole".
2022-08-31 15:16:26.608 [main] WARN  c.b.mybatisplus.core.injector.DefaultSqlInjector - class com.yyok.share.admin.system.domain.AccountRole ,Not found @TableId annotation, Cannot use Mybatis-Plus 'xxById' Method.
2022-08-31 15:16:26.742 [main] WARN  c.b.mybatisplus.core.metadata.TableInfoHelper - Can not find table primary key in Class: "com.yyok.share.admin.system.domain.RoleAcl".
2022-08-31 15:16:26.742 [main] WARN  c.b.mybatisplus.core.injector.DefaultSqlInjector - class com.yyok.share.admin.system.domain.RoleAcl ,Not found @TableId annotation, Cannot use Mybatis-Plus 'xxById' Method.
2022-08-31 15:16:26.804 [main] WARN  c.b.mybatisplus.core.metadata.TableInfoHelper - Can not find table primary key in Class: "com.yyok.share.admin.system.domain.RoleAbac".
2022-08-31 15:16:26.804 [main] WARN  c.b.mybatisplus.core.injector.DefaultSqlInjector - class com.yyok.share.admin.system.domain.RoleAbac ,Not found @TableId annotation, Cannot use Mybatis-Plus 'xxById' Method.
2022-08-31 15:16:26.886 [main] WARN  c.b.mybatisplus.core.metadata.TableInfoHelper - Can not find table primary key in Class: "com.yyok.share.admin.system.domain.Dict".
2022-08-31 15:16:26.886 [main] WARN  c.b.mybatisplus.core.injector.DefaultSqlInjector - class com.yyok.share.admin.system.domain.Dict ,Not found @TableId annotation, Cannot use Mybatis-Plus 'xxById' Method.
2022-08-31 15:16:26.958 [main] WARN  c.b.mybatisplus.core.metadata.TableInfoHelper - Can not find table primary key in Class: "com.yyok.share.admin.system.domain.DictDetail".
2022-08-31 15:16:26.958 [main] WARN  c.b.mybatisplus.core.injector.DefaultSqlInjector - class com.yyok.share.admin.system.domain.DictDetail ,Not found @TableId annotation, Cannot use Mybatis-Plus 'xxById' Method.
2022-08-31 15:16:27.381 [main] WARN  c.b.mybatisplus.core.metadata.TableInfoHelper - Can not find table primary key in Class: "com.yyok.share.admin.kafka.domain.Kafka".
2022-08-31 15:16:27.381 [main] WARN  c.b.mybatisplus.core.injector.DefaultSqlInjector - class com.yyok.share.admin.kafka.domain.Kafka ,Not found @TableId annotation, Cannot use Mybatis-Plus 'xxById' Method.
2022-08-31 15:16:31.685 [kafka-producer-network-thread | producer-1] WARN  org.apache.kafka.clients.NetworkClient - [Producer clientId=producer-1] Connection to node -1 (/192.168.10.36:9092) could not be established. Broker may not be available.
2022-08-31 15:16:31.685 [kafka-producer-network-thread | producer-1] WARN  org.apache.kafka.clients.NetworkClient - [Producer clientId=producer-1] Bootstrap broker 192.168.10.36:9092 (id: -1 rack: null) disconnected
2022-08-31 22:26:24.731 [main] WARN  org.mybatis.spring.mapper.ClassPathMapperScanner - Skipping MapperFactoryBean with name 'IColumnInfoMapper' and 'com.yyok.share.admin.generator.service.mapper.IColumnInfoMapper' mapperInterface. Bean already defined with the same name!
2022-08-31 22:26:24.738 [main] WARN  org.mybatis.spring.mapper.ClassPathMapperScanner - Skipping MapperFactoryBean with name 'IGenConfigMapper' and 'com.yyok.share.admin.generator.service.mapper.IGenConfigMapper' mapperInterface. Bean already defined with the same name!
2022-08-31 22:26:24.739 [main] WARN  org.mybatis.spring.mapper.ClassPathMapperScanner - Skipping MapperFactoryBean with name 'IDeptMapper' and 'com.yyok.share.admin.info.service.mapper.IDeptMapper' mapperInterface. Bean already defined with the same name!
2022-08-31 22:26:24.739 [main] WARN  org.mybatis.spring.mapper.ClassPathMapperScanner - Skipping MapperFactoryBean with name 'IDictInfoDetailMapper' and 'com.yyok.share.admin.info.service.mapper.IDictInfoDetailMapper' mapperInterface. Bean already defined with the same name!
2022-08-31 22:26:24.739 [main] WARN  org.mybatis.spring.mapper.ClassPathMapperScanner - Skipping MapperFactoryBean with name 'IDictInfoMapper' and 'com.yyok.share.admin.info.service.mapper.IDictInfoMapper' mapperInterface. Bean already defined with the same name!
2022-08-31 22:26:24.739 [main] WARN  org.mybatis.spring.mapper.ClassPathMapperScanner - Skipping MapperFactoryBean with name 'IJobMapper' and 'com.yyok.share.admin.info.service.mapper.IJobMapper' mapperInterface. Bean already defined with the same name!
2022-08-31 22:26:24.739 [main] WARN  org.mybatis.spring.mapper.ClassPathMapperScanner - Skipping MapperFactoryBean with name 'IUserAvatarMapper' and 'com.yyok.share.admin.info.service.mapper.IUserAvatarMapper' mapperInterface. Bean already defined with the same name!
2022-08-31 22:26:24.739 [main] WARN  org.mybatis.spring.mapper.ClassPathMapperScanner - Skipping MapperFactoryBean with name 'IUserMapper' and 'com.yyok.share.admin.info.service.mapper.IUserMapper' mapperInterface. Bean already defined with the same name!
2022-08-31 22:26:24.739 [main] WARN  org.mybatis.spring.mapper.ClassPathMapperScanner - Skipping MapperFactoryBean with name 'IKafkaMapper' and 'com.yyok.share.admin.kafka.service.mapper.IKafkaMapper' mapperInterface. Bean already defined with the same name!
2022-08-31 22:26:24.739 [main] WARN  org.mybatis.spring.mapper.ClassPathMapperScanner - Skipping MapperFactoryBean with name 'ILogMapper' and 'com.yyok.share.admin.logging.service.mapper.ILogMapper' mapperInterface. Bean already defined with the same name!
2022-08-31 22:26:24.740 [main] WARN  org.mybatis.spring.mapper.ClassPathMapperScanner - Skipping MapperFactoryBean with name 'IVisitsMapper' and 'com.yyok.share.admin.monitor.service.mapper.IVisitsMapper' mapperInterface. Bean already defined with the same name!
2022-08-31 22:26:24.740 [main] WARN  org.mybatis.spring.mapper.ClassPathMapperScanner - Skipping MapperFactoryBean with name 'IQuartzJobMapper' and 'com.yyok.share.admin.quartz.service.mapper.IQuartzJobMapper' mapperInterface. Bean already defined with the same name!
2022-08-31 22:26:24.740 [main] WARN  org.mybatis.spring.mapper.ClassPathMapperScanner - Skipping MapperFactoryBean with name 'IQuartzLogMapper' and 'com.yyok.share.admin.quartz.service.mapper.IQuartzLogMapper' mapperInterface. Bean already defined with the same name!
2022-08-31 22:26:24.740 [main] WARN  org.mybatis.spring.mapper.ClassPathMapperScanner - Skipping MapperFactoryBean with name 'IAccountAvatarMapper' and 'com.yyok.share.admin.system.service.mapper.IAccountAvatarMapper' mapperInterface. Bean already defined with the same name!
2022-08-31 22:26:24.740 [main] WARN  org.mybatis.spring.mapper.ClassPathMapperScanner - Skipping MapperFactoryBean with name 'IAccountMapper' and 'com.yyok.share.admin.system.service.mapper.IAccountMapper' mapperInterface. Bean already defined with the same name!
2022-08-31 22:26:24.740 [main] WARN  org.mybatis.spring.mapper.ClassPathMapperScanner - Skipping MapperFactoryBean with name 'IAccountsRolesMapper' and 'com.yyok.share.admin.system.service.mapper.IAccountsRolesMapper' mapperInterface. Bean already defined with the same name!
2022-08-31 22:26:24.740 [main] WARN  org.mybatis.spring.mapper.ClassPathMapperScanner - Skipping MapperFactoryBean with name 'IDictDetailMapper' and 'com.yyok.share.admin.system.service.mapper.IDictDetailMapper' mapperInterface. Bean already defined with the same name!
2022-08-31 22:26:24.740 [main] WARN  org.mybatis.spring.mapper.ClassPathMapperScanner - Skipping MapperFactoryBean with name 'IDictMapper' and 'com.yyok.share.admin.system.service.mapper.IDictMapper' mapperInterface. Bean already defined with the same name!
2022-08-31 22:26:24.740 [main] WARN  org.mybatis.spring.mapper.ClassPathMapperScanner - Skipping MapperFactoryBean with name 'IResourceMapper' and 'com.yyok.share.admin.system.service.mapper.IResourceMapper' mapperInterface. Bean already defined with the same name!
2022-08-31 22:26:24.740 [main] WARN  org.mybatis.spring.mapper.ClassPathMapperScanner - Skipping MapperFactoryBean with name 'IRoleMapper' and 'com.yyok.share.admin.system.service.mapper.IRoleMapper' mapperInterface. Bean already defined with the same name!
2022-08-31 22:26:24.740 [main] WARN  org.mybatis.spring.mapper.ClassPathMapperScanner - Skipping MapperFactoryBean with name 'IRolesAbacMapper' and 'com.yyok.share.admin.system.service.mapper.IRolesAbacMapper' mapperInterface. Bean already defined with the same name!
2022-08-31 22:26:24.741 [main] WARN  org.mybatis.spring.mapper.ClassPathMapperScanner - Skipping MapperFactoryBean with name 'IRolesAclMapper' and 'com.yyok.share.admin.system.service.mapper.IRolesAclMapper' mapperInterface. Bean already defined with the same name!
2022-08-31 22:26:24.741 [main] WARN  org.mybatis.spring.mapper.ClassPathMapperScanner - Skipping MapperFactoryBean with name 'IRolesDeptsMapper' and 'com.yyok.share.admin.system.service.mapper.IRolesDeptsMapper' mapperInterface. Bean already defined with the same name!
2022-08-31 22:26:24.741 [main] WARN  org.mybatis.spring.mapper.ClassPathMapperScanner - Skipping MapperFactoryBean with name 'IRolesResourcesMapper' and 'com.yyok.share.admin.system.service.mapper.IRolesResourcesMapper' mapperInterface. Bean already defined with the same name!
2022-08-31 22:26:24.741 [main] WARN  org.mybatis.spring.mapper.ClassPathMapperScanner - Skipping MapperFactoryBean with name 'ICAIdentityContainerMapper' and 'com.yyok.share.kpi.service.mapper.ICAIdentityContainerMapper' mapperInterface. Bean already defined with the same name!
2022-08-31 22:26:24.741 [main] WARN  org.mybatis.spring.mapper.ClassPathMapperScanner - Skipping MapperFactoryBean with name 'ICertificateAuthorityMapper' and 'com.yyok.share.kpi.service.mapper.ICertificateAuthorityMapper' mapperInterface. Bean already defined with the same name!
2022-08-31 22:26:24.741 [main] WARN  org.mybatis.spring.mapper.ClassPathMapperScanner - Skipping MapperFactoryBean with name 'IPKIReMapper' and 'com.yyok.share.kpi.service.mapper.IPKIReMapper' mapperInterface. Bean already defined with the same name!
2022-08-31 22:26:24.741 [main] WARN  org.mybatis.spring.mapper.ClassPathMapperScanner - No MyBatis mapper was found in '[com.yyok.**.**.service.mapper]' package. Please check your configuration.
2022-08-31 22:26:27.108 [main] WARN  c.b.mybatisplus.core.metadata.TableInfoHelper - Can not find table primary key in Class: "com.yyok.share.admin.generator.domain.GenConfig".
2022-08-31 22:26:27.114 [main] WARN  c.b.mybatisplus.core.injector.DefaultSqlInjector - class com.yyok.share.admin.generator.domain.GenConfig ,Not found @TableId annotation, Cannot use Mybatis-Plus 'xxById' Method.
2022-08-31 22:26:28.174 [main] WARN  org.dozer.config.GlobalSettings - Dozer configuration file not found: dozer.properties.  Using defaults for all Dozer global properties.
2022-08-31 22:26:28.217 [main] WARN  c.b.mybatisplus.core.metadata.TableInfoHelper - Can not find table primary key in Class: "com.yyok.share.admin.info.domain.Dept".
2022-08-31 22:26:28.217 [main] WARN  c.b.mybatisplus.core.injector.DefaultSqlInjector - class com.yyok.share.admin.info.domain.Dept ,Not found @TableId annotation, Cannot use Mybatis-Plus 'xxById' Method.
2022-08-31 22:26:28.257 [main] WARN  c.b.mybatisplus.core.metadata.TableInfoHelper - Can not find table primary key in Class: "com.yyok.share.admin.info.domain.Job".
2022-08-31 22:26:28.257 [main] WARN  c.b.mybatisplus.core.injector.DefaultSqlInjector - class com.yyok.share.admin.info.domain.Job ,Not found @TableId annotation, Cannot use Mybatis-Plus 'xxById' Method.
2022-08-31 22:26:28.288 [main] WARN  c.b.mybatisplus.core.metadata.TableInfoHelper - Can not find table primary key in Class: "com.yyok.share.admin.system.domain.RolesDepts".
2022-08-31 22:26:28.289 [main] WARN  c.b.mybatisplus.core.injector.DefaultSqlInjector - class com.yyok.share.admin.system.domain.RolesDepts ,Not found @TableId annotation, Cannot use Mybatis-Plus 'xxById' Method.
2022-08-31 22:26:28.375 [main] WARN  c.b.mybatisplus.core.metadata.TableInfoHelper - Can not find table primary key in Class: "com.yyok.share.admin.info.domain.User".
2022-08-31 22:26:28.376 [main] WARN  c.b.mybatisplus.core.injector.DefaultSqlInjector - class com.yyok.share.admin.info.domain.User ,Not found @TableId annotation, Cannot use Mybatis-Plus 'xxById' Method.
2022-08-31 22:26:28.401 [main] WARN  c.b.mybatisplus.core.metadata.TableInfoHelper - Can not find table primary key in Class: "com.yyok.share.admin.system.domain.Account".
2022-08-31 22:26:28.402 [main] WARN  c.b.mybatisplus.core.injector.DefaultSqlInjector - class com.yyok.share.admin.system.domain.Account ,Not found @TableId annotation, Cannot use Mybatis-Plus 'xxById' Method.
2022-08-31 22:26:28.424 [main] WARN  c.b.mybatisplus.core.metadata.TableInfoHelper - Can not find table primary key in Class: "com.yyok.share.admin.system.domain.AccountAvatar".
2022-08-31 22:26:28.424 [main] WARN  c.b.mybatisplus.core.injector.DefaultSqlInjector - class com.yyok.share.admin.system.domain.AccountAvatar ,Not found @TableId annotation, Cannot use Mybatis-Plus 'xxById' Method.
2022-08-31 22:26:28.482 [main] WARN  c.b.mybatisplus.core.metadata.TableInfoHelper - Can not find table primary key in Class: "com.yyok.share.admin.system.domain.Role".
2022-08-31 22:26:28.482 [main] WARN  c.b.mybatisplus.core.injector.DefaultSqlInjector - class com.yyok.share.admin.system.domain.Role ,Not found @TableId annotation, Cannot use Mybatis-Plus 'xxById' Method.
2022-08-31 22:26:29.243 [main] WARN  c.b.mybatisplus.core.metadata.TableInfoHelper - Can not find table primary key in Class: "com.yyok.share.admin.system.domain.Resource".
2022-08-31 22:26:29.243 [main] WARN  c.b.mybatisplus.core.injector.DefaultSqlInjector - class com.yyok.share.admin.system.domain.Resource ,Not found @TableId annotation, Cannot use Mybatis-Plus 'xxById' Method.
2022-08-31 22:26:29.268 [main] WARN  c.b.mybatisplus.core.metadata.TableInfoHelper - Can not find table primary key in Class: "com.yyok.share.admin.system.domain.RoleResource".
2022-08-31 22:26:29.268 [main] WARN  c.b.mybatisplus.core.injector.DefaultSqlInjector - class com.yyok.share.admin.system.domain.RoleResource ,Not found @TableId annotation, Cannot use Mybatis-Plus 'xxById' Method.
2022-08-31 22:26:29.524 [main] WARN  c.b.mybatisplus.core.metadata.TableInfoHelper - Can not find table primary key in Class: "com.yyok.share.admin.info.domain.DictInfo".
2022-08-31 22:26:29.525 [main] WARN  c.b.mybatisplus.core.injector.DefaultSqlInjector - class com.yyok.share.admin.info.domain.DictInfo ,Not found @TableId annotation, Cannot use Mybatis-Plus 'xxById' Method.
2022-08-31 22:26:29.586 [main] WARN  c.b.mybatisplus.core.metadata.TableInfoHelper - Can not find table primary key in Class: "com.yyok.share.admin.info.domain.DictInfoDetail".
2022-08-31 22:26:29.587 [main] WARN  c.b.mybatisplus.core.injector.DefaultSqlInjector - class com.yyok.share.admin.info.domain.DictInfoDetail ,Not found @TableId annotation, Cannot use Mybatis-Plus 'xxById' Method.
2022-08-31 22:26:29.685 [main] WARN  c.b.mybatisplus.core.metadata.TableInfoHelper - Can not find table primary key in Class: "com.yyok.share.admin.info.domain.UserAvatar".
2022-08-31 22:26:29.686 [main] WARN  c.b.mybatisplus.core.injector.DefaultSqlInjector - class com.yyok.share.admin.info.domain.UserAvatar ,Not found @TableId annotation, Cannot use Mybatis-Plus 'xxById' Method.
2022-08-31 22:26:29.784 [main] WARN  c.b.mybatisplus.core.metadata.TableInfoHelper - Can not find table primary key in Class: "com.yyok.share.admin.logging.domain.Log".
2022-08-31 22:26:29.785 [main] WARN  c.b.mybatisplus.core.injector.DefaultSqlInjector - class com.yyok.share.admin.logging.domain.Log ,Not found @TableId annotation, Cannot use Mybatis-Plus 'xxById' Method.
2022-08-31 22:26:29.859 [main] WARN  c.b.mybatisplus.core.metadata.TableInfoHelper - Can not find table primary key in Class: "com.yyok.share.admin.monitor.domain.Visits".
2022-08-31 22:26:29.860 [main] WARN  c.b.mybatisplus.core.injector.DefaultSqlInjector - class com.yyok.share.admin.monitor.domain.Visits ,Not found @TableId annotation, Cannot use Mybatis-Plus 'xxById' Method.
2022-08-31 22:26:30.027 [main] WARN  c.b.mybatisplus.core.metadata.TableInfoHelper - Can not find table primary key in Class: "com.yyok.share.kpi.domain.CAIdentityContainer".
2022-08-31 22:26:30.028 [main] WARN  c.b.mybatisplus.core.injector.DefaultSqlInjector - class com.yyok.share.kpi.domain.CAIdentityContainer ,Not found @TableId annotation, Cannot use Mybatis-Plus 'xxById' Method.
2022-08-31 22:26:30.121 [main] WARN  c.b.mybatisplus.core.metadata.TableInfoHelper - Can not find table primary key in Class: "com.yyok.share.kpi.domain.PKI".
2022-08-31 22:26:30.122 [main] WARN  c.b.mybatisplus.core.injector.DefaultSqlInjector - class com.yyok.share.kpi.domain.PKI ,Not found @TableId annotation, Cannot use Mybatis-Plus 'xxById' Method.
2022-08-31 22:26:30.139 [main] WARN  c.b.mybatisplus.core.metadata.TableInfoHelper - Can not find table primary key in Class: "com.yyok.share.kpi.domain.CertificateAuthority".
2022-08-31 22:26:30.139 [main] WARN  c.b.mybatisplus.core.injector.DefaultSqlInjector - class com.yyok.share.kpi.domain.CertificateAuthority ,Not found @TableId annotation, Cannot use Mybatis-Plus 'xxById' Method.
2022-08-31 22:26:30.486 [main] WARN  c.b.mybatisplus.core.metadata.TableInfoHelper - Can not find table primary key in Class: "com.yyok.share.admin.system.domain.AccountRole".
2022-08-31 22:26:30.486 [main] WARN  c.b.mybatisplus.core.injector.DefaultSqlInjector - class com.yyok.share.admin.system.domain.AccountRole ,Not found @TableId annotation, Cannot use Mybatis-Plus 'xxById' Method.
2022-08-31 22:26:30.641 [main] WARN  c.b.mybatisplus.core.metadata.TableInfoHelper - Can not find table primary key in Class: "com.yyok.share.admin.system.domain.RoleAcl".
2022-08-31 22:26:30.641 [main] WARN  c.b.mybatisplus.core.injector.DefaultSqlInjector - class com.yyok.share.admin.system.domain.RoleAcl ,Not found @TableId annotation, Cannot use Mybatis-Plus 'xxById' Method.
2022-08-31 22:26:30.712 [main] WARN  c.b.mybatisplus.core.metadata.TableInfoHelper - Can not find table primary key in Class: "com.yyok.share.admin.system.domain.RoleAbac".
2022-08-31 22:26:30.713 [main] WARN  c.b.mybatisplus.core.injector.DefaultSqlInjector - class com.yyok.share.admin.system.domain.RoleAbac ,Not found @TableId annotation, Cannot use Mybatis-Plus 'xxById' Method.
2022-08-31 22:26:30.792 [main] WARN  c.b.mybatisplus.core.metadata.TableInfoHelper - Can not find table primary key in Class: "com.yyok.share.admin.system.domain.Dict".
2022-08-31 22:26:30.792 [main] WARN  c.b.mybatisplus.core.injector.DefaultSqlInjector - class com.yyok.share.admin.system.domain.Dict ,Not found @TableId annotation, Cannot use Mybatis-Plus 'xxById' Method.
2022-08-31 22:26:31.146 [main] WARN  c.b.mybatisplus.core.metadata.TableInfoHelper - Can not find table primary key in Class: "com.yyok.share.admin.system.domain.DictDetail".
2022-08-31 22:26:31.147 [main] WARN  c.b.mybatisplus.core.injector.DefaultSqlInjector - class com.yyok.share.admin.system.domain.DictDetail ,Not found @TableId annotation, Cannot use Mybatis-Plus 'xxById' Method.
2022-08-31 22:26:31.275 [main] WARN  c.b.mybatisplus.core.metadata.TableInfoHelper - Can not find table primary key in Class: "com.yyok.share.admin.kafka.domain.Kafka".
2022-08-31 22:26:31.275 [main] WARN  c.b.mybatisplus.core.injector.DefaultSqlInjector - class com.yyok.share.admin.kafka.domain.Kafka ,Not found @TableId annotation, Cannot use Mybatis-Plus 'xxById' Method.
