2022-09-08 19:00:15.191 [background-preinit] INFO  org.hibernate.validator.internal.util.Version - HV000001: Hibernate Validator 6.2.4.Final
2022-09-08 19:00:15.216 [main] INFO  com.yyok.YYOKApplicationBootstrap - Starting YYOKApplicationBootstrap using Java 1.8.0_221 on yyok with PID 70411 (/ddhome/local/workspace/yyok/yyok-assemblies/yyok-assembly-boot/target/classes started by root in /ddhome/local/workspace/yyok)
2022-09-08 19:00:15.217 [main] INFO  com.yyok.YYOKApplicationBootstrap - The following 1 profile is active: "dev"
2022-09-08 19:00:16.787 [main] INFO  o.s.c.s.PostProcessorRegistrationDelegate$BeanPostProcessorChecker - Bean 'spring.datasource.dynamic-com.baomidou.dynamic.datasource.spring.boot.autoconfigure.DynamicDataSourceProperties' of type [com.baomidou.dynamic.datasource.spring.boot.autoconfigure.DynamicDataSourceProperties] is not eligible for getting processed by all BeanPostProcessors (for example: not eligible for auto-proxying)
2022-09-08 19:00:16.794 [main] INFO  o.s.c.s.PostProcessorRegistrationDelegate$BeanPostProcessorChecker - Bean 'com.baomidou.dynamic.datasource.spring.boot.autoconfigure.DynamicDataSourceAutoConfiguration' of type [com.baomidou.dynamic.datasource.spring.boot.autoconfigure.DynamicDataSourceAutoConfiguration$$EnhancerBySpringCGLIB$$7bd39516] is not eligible for getting processed by all BeanPostProcessors (for example: not eligible for auto-proxying)
2022-09-08 19:00:16.811 [main] INFO  o.s.c.s.PostProcessorRegistrationDelegate$BeanPostProcessorChecker - Bean 'dsProcessor' of type [com.baomidou.dynamic.datasource.processor.DsHeaderProcessor] is not eligible for getting processed by all BeanPostProcessors (for example: not eligible for auto-proxying)
2022-09-08 19:00:16.861 [main] INFO  o.s.c.s.PostProcessorRegistrationDelegate$BeanPostProcessorChecker - Bean 'redisConfig' of type [com.yyok.share.framework.config.RedisConfig$$EnhancerBySpringCGLIB$$dd20797f] is not eligible for getting processed by all BeanPostProcessors (for example: not eligible for auto-proxying)
2022-09-08 19:00:16.866 [main] INFO  com.yyok.share.framework.config.RedisConfig - 初始化 -> [Redis CacheErrorHandler]
2022-09-08 19:00:16.868 [main] INFO  o.s.c.s.PostProcessorRegistrationDelegate$BeanPostProcessorChecker - Bean 'errorHandler' of type [com.yyok.share.framework.config.RedisConfig$1] is not eligible for getting processed by all BeanPostProcessors (for example: not eligible for auto-proxying)
2022-09-08 19:00:17.112 [main] INFO  o.s.boot.web.embedded.tomcat.TomcatWebServer - Tomcat initialized with port(s): 8000 (http)
2022-09-08 19:00:17.117 [main] INFO  org.apache.coyote.http11.Http11NioProtocol - Initializing ProtocolHandler ["http-nio-8000"]
2022-09-08 19:00:17.118 [main] INFO  org.apache.catalina.core.StandardService - Starting service [Tomcat]
2022-09-08 19:00:17.118 [main] INFO  org.apache.catalina.core.StandardEngine - Starting Servlet engine: [Apache Tomcat/9.0.65]
2022-09-08 19:00:17.212 [main] INFO  o.a.c.core.ContainerBase.[Tomcat].[localhost].[/] - Initializing Spring embedded WebApplicationContext
2022-09-08 19:00:17.213 [main] INFO  o.s.b.w.s.c.ServletWebServerApplicationContext - Root WebApplicationContext: initialization completed in 1942 ms
2022-09-08 19:00:17.418 [main] INFO  ru.yandex.clickhouse.ClickHouseDriver - Driver registered
2022-09-08 19:00:17.420 [main] INFO  com.zaxxer.hikari.HikariDataSource - master - Starting...
2022-09-08 19:00:17.594 [main] INFO  com.zaxxer.hikari.HikariDataSource - master - Start completed.
2022-09-08 19:00:17.598 [main] INFO  com.zaxxer.hikari.HikariDataSource - slave - Starting...
2022-09-08 19:00:17.607 [main] INFO  com.zaxxer.hikari.HikariDataSource - slave - Start completed.
2022-09-08 19:00:17.609 [main] INFO  com.zaxxer.hikari.HikariDataSource - test - Starting...
2022-09-08 19:00:17.613 [main] INFO  com.zaxxer.hikari.HikariDataSource - test - Start completed.
2022-09-08 19:00:17.615 [main] INFO  com.zaxxer.hikari.HikariDataSource - clickhouse - Starting...
2022-09-08 19:00:17.756 [main] INFO  com.zaxxer.hikari.HikariDataSource - clickhouse - Start completed.
2022-09-08 19:00:17.757 [main] INFO  c.b.dynamic.datasource.DynamicRoutingDataSource - dynamic-datasource - add a datasource named [slave] success
2022-09-08 19:00:17.757 [main] INFO  c.b.dynamic.datasource.DynamicRoutingDataSource - dynamic-datasource - add a datasource named [test] success
2022-09-08 19:00:17.757 [main] INFO  c.b.dynamic.datasource.DynamicRoutingDataSource - dynamic-datasource - add a datasource named [clickhouse] success
2022-09-08 19:00:17.758 [main] INFO  c.b.dynamic.datasource.DynamicRoutingDataSource - dynamic-datasource - add a datasource named [master] success
2022-09-08 19:00:17.758 [main] INFO  c.b.dynamic.datasource.DynamicRoutingDataSource - dynamic-datasource initial loaded [4] datasource,primary datasource named [master]
2022-09-08 19:00:18.272 [main] INFO  org.dozer.config.GlobalSettings - Trying to find Dozer configuration file: dozer.properties
2022-09-08 19:00:18.280 [main] INFO  org.dozer.DozerInitializer - Initializing Dozer. Version: 5.5.0, Thread Name: main
2022-09-08 19:00:18.282 [main] INFO  org.dozer.jmx.JMXPlatformImpl - Dozer JMX MBean [org.dozer.jmx:type=DozerStatisticsController] auto registered with the Platform MBean Server
2022-09-08 19:00:18.282 [main] INFO  org.dozer.jmx.JMXPlatformImpl - Dozer JMX MBean [org.dozer.jmx:type=DozerAdminController] auto registered with the Platform MBean Server
2022-09-08 19:00:18.283 [main] INFO  org.dozer.DozerBeanMapper - Initializing a new instance of dozer bean mapper.
2022-09-08 19:00:20.221 [main] INFO  org.quartz.impl.StdSchedulerFactory - Using default implementation for ThreadExecutor
2022-09-08 19:00:20.229 [main] INFO  org.quartz.core.SchedulerSignalerImpl - Initialized Scheduler Signaller of type: class org.quartz.core.SchedulerSignalerImpl
2022-09-08 19:00:20.230 [main] INFO  org.quartz.core.QuartzScheduler - Quartz Scheduler v.2.3.2 created.
2022-09-08 19:00:20.230 [main] INFO  org.quartz.simpl.RAMJobStore - RAMJobStore initialized.
2022-09-08 19:00:20.231 [main] INFO  org.quartz.core.QuartzScheduler - Scheduler meta-data: Quartz Scheduler (v2.3.2) 'QuartzScheduler' with instanceId 'NON_CLUSTERED'
  Scheduler class: 'org.quartz.core.QuartzScheduler' - running locally.
  NOT STARTED.
  Currently in standby mode.
  Number of jobs executed: 0
  Using thread pool 'org.quartz.simpl.SimpleThreadPool' - with 10 threads.
  Using job-store 'org.quartz.simpl.RAMJobStore' - which does not support persistence. and is not clustered.

2022-09-08 19:00:20.231 [main] INFO  org.quartz.impl.StdSchedulerFactory - Quartz scheduler 'QuartzScheduler' initialized from an externally provided properties instance.
2022-09-08 19:00:20.231 [main] INFO  org.quartz.impl.StdSchedulerFactory - Quartz scheduler version: 2.3.2
2022-09-08 19:00:20.232 [main] INFO  org.quartz.core.QuartzScheduler - JobFactory set to: com.yyok.share.admin.quartz.config.QuartzConfig$QuartzJobFactory@66576bd2
2022-09-08 19:00:20.232 [main] INFO  org.quartz.core.QuartzScheduler - Scheduler QuartzScheduler_$_NON_CLUSTERED started.
2022-09-08 19:00:21.708 [main] INFO  o.s.security.web.DefaultSecurityFilterChain - Will secure any request with [org.springframework.security.web.session.DisableEncodeUrlFilter@193d73d3, org.springframework.security.web.context.request.async.WebAsyncManagerIntegrationFilter@5cb4ba80, org.springframework.security.web.context.SecurityContextPersistenceFilter@1d82d35c, org.springframework.security.web.header.HeaderWriterFilter@20524816, org.springframework.security.web.authentication.logout.LogoutFilter@44b5b54, org.springframework.web.filter.CorsFilter@605eb072, com.yyok.share.admin.security.domain.TokenFilter@978475b, org.springframework.security.web.authentication.www.BasicAuthenticationFilter@7bbc11ed, org.springframework.security.web.savedrequest.RequestCacheAwareFilter@1cb7f2fe, org.springframework.security.web.servletapi.SecurityContextHolderAwareRequestFilter@78d52d4c, org.springframework.security.web.authentication.AnonymousAuthenticationFilter@507187c1, org.springframework.security.web.session.SessionManagementFilter@31d8352e, org.springframework.security.web.access.ExceptionTranslationFilter@29612ee2, org.springframework.security.web.access.intercept.FilterSecurityInterceptor@464017f5]
2022-09-08 19:00:22.345 [main] INFO  org.quartz.impl.StdSchedulerFactory - Using default implementation for ThreadExecutor
2022-09-08 19:00:22.347 [main] INFO  org.quartz.core.SchedulerSignalerImpl - Initialized Scheduler Signaller of type: class org.quartz.core.SchedulerSignalerImpl
2022-09-08 19:00:22.347 [main] INFO  org.quartz.core.QuartzScheduler - Quartz Scheduler v.2.3.2 created.
2022-09-08 19:00:22.347 [main] INFO  org.quartz.simpl.RAMJobStore - RAMJobStore initialized.
2022-09-08 19:00:22.347 [main] INFO  org.quartz.core.QuartzScheduler - Scheduler meta-data: Quartz Scheduler (v2.3.2) 'quartzScheduler' with instanceId 'NON_CLUSTERED'
  Scheduler class: 'org.quartz.core.QuartzScheduler' - running locally.
  NOT STARTED.
  Currently in standby mode.
  Number of jobs executed: 0
  Using thread pool 'org.quartz.simpl.SimpleThreadPool' - with 10 threads.
  Using job-store 'org.quartz.simpl.RAMJobStore' - which does not support persistence. and is not clustered.

2022-09-08 19:00:22.348 [main] INFO  org.quartz.impl.StdSchedulerFactory - Quartz scheduler 'quartzScheduler' initialized from an externally provided properties instance.
2022-09-08 19:00:22.348 [main] INFO  org.quartz.impl.StdSchedulerFactory - Quartz scheduler version: 2.3.2
2022-09-08 19:00:22.348 [main] INFO  org.quartz.core.QuartzScheduler - JobFactory set to: org.springframework.scheduling.quartz.SpringBeanJobFactory@26401eda
2022-09-08 19:00:22.501 [main] INFO  org.apache.coyote.http11.Http11NioProtocol - Starting ProtocolHandler ["http-nio-8000"]
2022-09-08 19:00:22.520 [main] INFO  o.s.boot.web.embedded.tomcat.TomcatWebServer - Tomcat started on port(s): 8000 (http) with context path ''
2022-09-08 19:00:23.129 [main] INFO  o.s.scheduling.quartz.SchedulerFactoryBean - Starting Quartz Scheduler now
2022-09-08 19:00:23.130 [main] INFO  org.quartz.core.QuartzScheduler - Scheduler quartzScheduler_$_NON_CLUSTERED started.
2022-09-08 19:00:23.139 [main] INFO  com.yyok.YYOKApplicationBootstrap - Started YYOKApplicationBootstrap in 8.398 seconds (JVM running for 9.058)
2022-09-08 19:00:23.457 [main] INFO  org.apache.kafka.clients.producer.ProducerConfig - ProducerConfig values: 
	acks = -1
	batch.size = 16384
	bootstrap.servers = [192.168.10.36:9092, 192.168.10.38:9092, 192.168.10.39:9092]
	buffer.memory = 33554432
	client.dns.lookup = use_all_dns_ips
	client.id = producer-1
	compression.type = none
	connections.max.idle.ms = 540000
	delivery.timeout.ms = 120000
	enable.idempotence = true
	interceptor.classes = []
	key.serializer = class org.apache.kafka.common.serialization.StringSerializer
	linger.ms = 6
	max.block.ms = 60000
	max.in.flight.requests.per.connection = 5
	max.request.size = 1048576
	metadata.max.age.ms = 300000
	metadata.max.idle.ms = 300000
	metric.reporters = []
	metrics.num.samples = 2
	metrics.recording.level = INFO
	metrics.sample.window.ms = 30000
	partitioner.class = class org.apache.kafka.clients.producer.internals.DefaultPartitioner
	receive.buffer.bytes = 32768
	reconnect.backoff.max.ms = 1000
	reconnect.backoff.ms = 50
	request.timeout.ms = 30000
	retries = 3
	retry.backoff.ms = 100
	sasl.client.callback.handler.class = null
	sasl.jaas.config = null
	sasl.kerberos.kinit.cmd = /usr/bin/kinit
	sasl.kerberos.min.time.before.relogin = 60000
	sasl.kerberos.service.name = null
	sasl.kerberos.ticket.renew.jitter = 0.05
	sasl.kerberos.ticket.renew.window.factor = 0.8
	sasl.login.callback.handler.class = null
	sasl.login.class = null
	sasl.login.connect.timeout.ms = null
	sasl.login.read.timeout.ms = null
	sasl.login.refresh.buffer.seconds = 300
	sasl.login.refresh.min.period.seconds = 60
	sasl.login.refresh.window.factor = 0.8
	sasl.login.refresh.window.jitter = 0.05
	sasl.login.retry.backoff.max.ms = 10000
	sasl.login.retry.backoff.ms = 100
	sasl.mechanism = GSSAPI
	sasl.oauthbearer.clock.skew.seconds = 30
	sasl.oauthbearer.expected.audience = null
	sasl.oauthbearer.expected.issuer = null
	sasl.oauthbearer.jwks.endpoint.refresh.ms = 3600000
	sasl.oauthbearer.jwks.endpoint.retry.backoff.max.ms = 10000
	sasl.oauthbearer.jwks.endpoint.retry.backoff.ms = 100
	sasl.oauthbearer.jwks.endpoint.url = null
	sasl.oauthbearer.scope.claim.name = scope
	sasl.oauthbearer.sub.claim.name = sub
	sasl.oauthbearer.token.endpoint.url = null
	security.protocol = PLAINTEXT
	security.providers = null
	send.buffer.bytes = 131072
	socket.connection.setup.timeout.max.ms = 30000
	socket.connection.setup.timeout.ms = 10000
	ssl.cipher.suites = null
	ssl.enabled.protocols = [TLSv1.2]
	ssl.endpoint.identification.algorithm = https
	ssl.engine.factory.class = null
	ssl.key.password = null
	ssl.keymanager.algorithm = SunX509
	ssl.keystore.certificate.chain = null
	ssl.keystore.key = null
	ssl.keystore.location = null
	ssl.keystore.password = null
	ssl.keystore.type = JKS
	ssl.protocol = TLSv1.2
	ssl.provider = null
	ssl.secure.random.implementation = null
	ssl.trustmanager.algorithm = PKIX
	ssl.truststore.certificates = null
	ssl.truststore.location = null
	ssl.truststore.password = null
	ssl.truststore.type = JKS
	transaction.timeout.ms = 60000
	transactional.id = null
	value.serializer = class org.apache.kafka.common.serialization.StringSerializer

2022-09-08 19:00:23.475 [main] INFO  org.apache.kafka.clients.producer.KafkaProducer - [Producer clientId=producer-1] Instantiated an idempotent producer.
2022-09-08 19:00:23.504 [main] INFO  org.apache.kafka.common.utils.AppInfoParser - Kafka version: 3.1.1
2022-09-08 19:00:23.504 [main] INFO  org.apache.kafka.common.utils.AppInfoParser - Kafka commitId: 97671528ba54a138
2022-09-08 19:00:23.504 [main] INFO  org.apache.kafka.common.utils.AppInfoParser - Kafka startTimeMs: 1662634823502
2022-09-08 19:00:23.802 [kafka-producer-network-thread | producer-1] INFO  org.apache.kafka.clients.Metadata - [Producer clientId=producer-1] Resetting the last seen epoch of partition logs-0 to 14 since the associated topicId changed from null to bKeEi_LBR7yj82Ppy81Tyw
2022-09-08 19:00:23.802 [kafka-producer-network-thread | producer-1] INFO  org.apache.kafka.clients.Metadata - [Producer clientId=producer-1] Resetting the last seen epoch of partition logs-2 to 18 since the associated topicId changed from null to bKeEi_LBR7yj82Ppy81Tyw
2022-09-08 19:00:23.802 [kafka-producer-network-thread | producer-1] INFO  org.apache.kafka.clients.Metadata - [Producer clientId=producer-1] Resetting the last seen epoch of partition logs-1 to 17 since the associated topicId changed from null to bKeEi_LBR7yj82Ppy81Tyw
2022-09-08 19:00:23.804 [kafka-producer-network-thread | producer-1] INFO  org.apache.kafka.clients.Metadata - [Producer clientId=producer-1] Cluster ID: UMzeEXmTT8-leZGbe-_Tkw
2022-09-08 19:00:23.805 [kafka-producer-network-thread | producer-1] INFO  o.a.k.c.producer.internals.TransactionManager - [Producer clientId=producer-1] ProducerId set to 4023 with epoch 0
2022-09-08 19:03:08.929 [http-nio-8000-exec-1] INFO  o.a.c.core.ContainerBase.[Tomcat].[localhost].[/] - Initializing Spring DispatcherServlet 'dispatcherServlet'
2022-09-08 19:09:24.004 [kafka-producer-network-thread | producer-1] INFO  org.apache.kafka.clients.NetworkClient - [Producer clientId=producer-1] Node -1 disconnected.
2022-09-08 19:09:24.009 [kafka-producer-network-thread | producer-1] INFO  org.apache.kafka.clients.NetworkClient - [Producer clientId=producer-1] Node -2 disconnected.
