2022-09-08 19:00:16.362 [main] WARN  org.mybatis.spring.mapper.ClassPathMapperScanner - Skipping MapperFactoryBean with name 'IColumnInfoMapper' and 'com.yyok.share.admin.generator.service.mapper.IColumnInfoMapper' mapperInterface. Bean already defined with the same name!
2022-09-08 19:00:16.363 [main] WARN  org.mybatis.spring.mapper.ClassPathMapperScanner - Skipping MapperFactoryBean with name 'IGenConfigMapper' and 'com.yyok.share.admin.generator.service.mapper.IGenConfigMapper' mapperInterface. Bean already defined with the same name!
2022-09-08 19:00:16.363 [main] WARN  org.mybatis.spring.mapper.ClassPathMapperScanner - Skipping MapperFactoryBean with name 'IDeptMapper' and 'com.yyok.share.admin.info.service.mapper.IDeptMapper' mapperInterface. Bean already defined with the same name!
2022-09-08 19:00:16.363 [main] WARN  org.mybatis.spring.mapper.ClassPathMapperScanner - Skipping MapperFactoryBean with name 'IDictInfoDetailMapper' and 'com.yyok.share.admin.info.service.mapper.IDictInfoDetailMapper' mapperInterface. Bean already defined with the same name!
2022-09-08 19:00:16.363 [main] WARN  org.mybatis.spring.mapper.ClassPathMapperScanner - Skipping MapperFactoryBean with name 'IDictInfoMapper' and 'com.yyok.share.admin.info.service.mapper.IDictInfoMapper' mapperInterface. Bean already defined with the same name!
2022-09-08 19:00:16.363 [main] WARN  org.mybatis.spring.mapper.ClassPathMapperScanner - Skipping MapperFactoryBean with name 'IJobMapper' and 'com.yyok.share.admin.info.service.mapper.IJobMapper' mapperInterface. Bean already defined with the same name!
2022-09-08 19:00:16.363 [main] WARN  org.mybatis.spring.mapper.ClassPathMapperScanner - Skipping MapperFactoryBean with name 'IUserAvatarMapper' and 'com.yyok.share.admin.info.service.mapper.IUserAvatarMapper' mapperInterface. Bean already defined with the same name!
2022-09-08 19:00:16.364 [main] WARN  org.mybatis.spring.mapper.ClassPathMapperScanner - Skipping MapperFactoryBean with name 'IUserMapper' and 'com.yyok.share.admin.info.service.mapper.IUserMapper' mapperInterface. Bean already defined with the same name!
2022-09-08 19:00:16.364 [main] WARN  org.mybatis.spring.mapper.ClassPathMapperScanner - Skipping MapperFactoryBean with name 'IKafkaMapper' and 'com.yyok.share.admin.kafka.service.mapper.IKafkaMapper' mapperInterface. Bean already defined with the same name!
2022-09-08 19:00:16.364 [main] WARN  org.mybatis.spring.mapper.ClassPathMapperScanner - Skipping MapperFactoryBean with name 'ILogMapper' and 'com.yyok.share.admin.logging.service.mapper.ILogMapper' mapperInterface. Bean already defined with the same name!
2022-09-08 19:00:16.364 [main] WARN  org.mybatis.spring.mapper.ClassPathMapperScanner - Skipping MapperFactoryBean with name 'IDatabaseMapper' and 'com.yyok.share.admin.mnt.service.mapper.IDatabaseMapper' mapperInterface. Bean already defined with the same name!
2022-09-08 19:00:16.364 [main] WARN  org.mybatis.spring.mapper.ClassPathMapperScanner - Skipping MapperFactoryBean with name 'IServerDeployMapper' and 'com.yyok.share.admin.mnt.service.mapper.IServerDeployMapper' mapperInterface. Bean already defined with the same name!
2022-09-08 19:00:16.364 [main] WARN  org.mybatis.spring.mapper.ClassPathMapperScanner - Skipping MapperFactoryBean with name 'IServerMapper' and 'com.yyok.share.admin.mnt.service.mapper.IServerMapper' mapperInterface. Bean already defined with the same name!
2022-09-08 19:00:16.364 [main] WARN  org.mybatis.spring.mapper.ClassPathMapperScanner - Skipping MapperFactoryBean with name 'IVisitsMapper' and 'com.yyok.share.admin.monitor.service.mapper.IVisitsMapper' mapperInterface. Bean already defined with the same name!
2022-09-08 19:00:16.364 [main] WARN  org.mybatis.spring.mapper.ClassPathMapperScanner - Skipping MapperFactoryBean with name 'IQuartzJobMapper' and 'com.yyok.share.admin.quartz.service.mapper.IQuartzJobMapper' mapperInterface. Bean already defined with the same name!
2022-09-08 19:00:16.364 [main] WARN  org.mybatis.spring.mapper.ClassPathMapperScanner - Skipping MapperFactoryBean with name 'IQuartzLogMapper' and 'com.yyok.share.admin.quartz.service.mapper.IQuartzLogMapper' mapperInterface. Bean already defined with the same name!
2022-09-08 19:00:16.364 [main] WARN  org.mybatis.spring.mapper.ClassPathMapperScanner - Skipping MapperFactoryBean with name 'IAccountAvatarMapper' and 'com.yyok.share.admin.system.service.mapper.IAccountAvatarMapper' mapperInterface. Bean already defined with the same name!
2022-09-08 19:00:16.365 [main] WARN  org.mybatis.spring.mapper.ClassPathMapperScanner - Skipping MapperFactoryBean with name 'IAccountMapper' and 'com.yyok.share.admin.system.service.mapper.IAccountMapper' mapperInterface. Bean already defined with the same name!
2022-09-08 19:00:16.365 [main] WARN  org.mybatis.spring.mapper.ClassPathMapperScanner - Skipping MapperFactoryBean with name 'IAccountsRolesMapper' and 'com.yyok.share.admin.system.service.mapper.IAccountsRolesMapper' mapperInterface. Bean already defined with the same name!
2022-09-08 19:00:16.365 [main] WARN  org.mybatis.spring.mapper.ClassPathMapperScanner - Skipping MapperFactoryBean with name 'IDictDetailMapper' and 'com.yyok.share.admin.system.service.mapper.IDictDetailMapper' mapperInterface. Bean already defined with the same name!
2022-09-08 19:00:16.365 [main] WARN  org.mybatis.spring.mapper.ClassPathMapperScanner - Skipping MapperFactoryBean with name 'IDictMapper' and 'com.yyok.share.admin.system.service.mapper.IDictMapper' mapperInterface. Bean already defined with the same name!
2022-09-08 19:00:16.365 [main] WARN  org.mybatis.spring.mapper.ClassPathMapperScanner - Skipping MapperFactoryBean with name 'IResourceMapper' and 'com.yyok.share.admin.system.service.mapper.IResourceMapper' mapperInterface. Bean already defined with the same name!
2022-09-08 19:00:16.365 [main] WARN  org.mybatis.spring.mapper.ClassPathMapperScanner - Skipping MapperFactoryBean with name 'IRoleMapper' and 'com.yyok.share.admin.system.service.mapper.IRoleMapper' mapperInterface. Bean already defined with the same name!
2022-09-08 19:00:16.365 [main] WARN  org.mybatis.spring.mapper.ClassPathMapperScanner - Skipping MapperFactoryBean with name 'IRolesAbacMapper' and 'com.yyok.share.admin.system.service.mapper.IRolesAbacMapper' mapperInterface. Bean already defined with the same name!
2022-09-08 19:00:16.365 [main] WARN  org.mybatis.spring.mapper.ClassPathMapperScanner - Skipping MapperFactoryBean with name 'IRolesAclMapper' and 'com.yyok.share.admin.system.service.mapper.IRolesAclMapper' mapperInterface. Bean already defined with the same name!
2022-09-08 19:00:16.365 [main] WARN  org.mybatis.spring.mapper.ClassPathMapperScanner - Skipping MapperFactoryBean with name 'IRolesDeptsMapper' and 'com.yyok.share.admin.system.service.mapper.IRolesDeptsMapper' mapperInterface. Bean already defined with the same name!
2022-09-08 19:00:16.366 [main] WARN  org.mybatis.spring.mapper.ClassPathMapperScanner - Skipping MapperFactoryBean with name 'IRolesResourcesMapper' and 'com.yyok.share.admin.system.service.mapper.IRolesResourcesMapper' mapperInterface. Bean already defined with the same name!
2022-09-08 19:00:16.366 [main] WARN  org.mybatis.spring.mapper.ClassPathMapperScanner - Skipping MapperFactoryBean with name 'IFileMapper' and 'com.yyok.share.admin.uploader.service.mapper.IFileMapper' mapperInterface. Bean already defined with the same name!
2022-09-08 19:00:16.366 [main] WARN  org.mybatis.spring.mapper.ClassPathMapperScanner - Skipping MapperFactoryBean with name 'ICAIdentityContainerMapper' and 'com.yyok.share.kpi.service.mapper.ICAIdentityContainerMapper' mapperInterface. Bean already defined with the same name!
2022-09-08 19:00:16.366 [main] WARN  org.mybatis.spring.mapper.ClassPathMapperScanner - Skipping MapperFactoryBean with name 'ICertificateAuthorityMapper' and 'com.yyok.share.kpi.service.mapper.ICertificateAuthorityMapper' mapperInterface. Bean already defined with the same name!
2022-09-08 19:00:16.366 [main] WARN  org.mybatis.spring.mapper.ClassPathMapperScanner - Skipping MapperFactoryBean with name 'IPKIReMapper' and 'com.yyok.share.kpi.service.mapper.IPKIReMapper' mapperInterface. Bean already defined with the same name!
2022-09-08 19:00:16.366 [main] WARN  org.mybatis.spring.mapper.ClassPathMapperScanner - No MyBatis mapper was found in '[com.yyok.**.**.service.mapper]' package. Please check your configuration.
2022-09-08 19:00:17.885 [main] WARN  c.b.mybatisplus.core.metadata.TableInfoHelper - Can not find table primary key in Class: "com.yyok.share.admin.generator.domain.GenConfig".
2022-09-08 19:00:17.891 [main] WARN  c.b.mybatisplus.core.injector.DefaultSqlInjector - class com.yyok.share.admin.generator.domain.GenConfig ,Not found @TableId annotation, Cannot use Mybatis-Plus 'xxById' Method.
2022-09-08 19:00:18.279 [main] WARN  org.dozer.config.GlobalSettings - Dozer configuration file not found: dozer.properties.  Using defaults for all Dozer global properties.
2022-09-08 19:00:18.297 [main] WARN  c.b.mybatisplus.core.metadata.TableInfoHelper - Can not find table primary key in Class: "com.yyok.share.admin.info.domain.Dept".
2022-09-08 19:00:18.298 [main] WARN  c.b.mybatisplus.core.injector.DefaultSqlInjector - class com.yyok.share.admin.info.domain.Dept ,Not found @TableId annotation, Cannot use Mybatis-Plus 'xxById' Method.
2022-09-08 19:00:18.321 [main] WARN  c.b.mybatisplus.core.metadata.TableInfoHelper - Can not find table primary key in Class: "com.yyok.share.admin.info.domain.Job".
2022-09-08 19:00:18.321 [main] WARN  c.b.mybatisplus.core.injector.DefaultSqlInjector - class com.yyok.share.admin.info.domain.Job ,Not found @TableId annotation, Cannot use Mybatis-Plus 'xxById' Method.
2022-09-08 19:00:18.342 [main] WARN  c.b.mybatisplus.core.metadata.TableInfoHelper - Can not find table primary key in Class: "com.yyok.share.admin.system.domain.RolesDepts".
2022-09-08 19:00:18.342 [main] WARN  c.b.mybatisplus.core.injector.DefaultSqlInjector - class com.yyok.share.admin.system.domain.RolesDepts ,Not found @TableId annotation, Cannot use Mybatis-Plus 'xxById' Method.
2022-09-08 19:00:18.410 [main] WARN  c.b.mybatisplus.core.metadata.TableInfoHelper - Can not find table primary key in Class: "com.yyok.share.admin.info.domain.User".
2022-09-08 19:00:18.410 [main] WARN  c.b.mybatisplus.core.injector.DefaultSqlInjector - class com.yyok.share.admin.info.domain.User ,Not found @TableId annotation, Cannot use Mybatis-Plus 'xxById' Method.
2022-09-08 19:00:18.434 [main] WARN  c.b.mybatisplus.core.metadata.TableInfoHelper - Can not find table primary key in Class: "com.yyok.share.admin.system.domain.Account".
2022-09-08 19:00:18.434 [main] WARN  c.b.mybatisplus.core.injector.DefaultSqlInjector - class com.yyok.share.admin.system.domain.Account ,Not found @TableId annotation, Cannot use Mybatis-Plus 'xxById' Method.
2022-09-08 19:00:18.457 [main] WARN  c.b.mybatisplus.core.metadata.TableInfoHelper - Can not find table primary key in Class: "com.yyok.share.admin.system.domain.AccountAvatar".
2022-09-08 19:00:18.457 [main] WARN  c.b.mybatisplus.core.injector.DefaultSqlInjector - class com.yyok.share.admin.system.domain.AccountAvatar ,Not found @TableId annotation, Cannot use Mybatis-Plus 'xxById' Method.
2022-09-08 19:00:18.515 [main] WARN  c.b.mybatisplus.core.metadata.TableInfoHelper - Can not find table primary key in Class: "com.yyok.share.admin.system.domain.Role".
2022-09-08 19:00:18.515 [main] WARN  c.b.mybatisplus.core.injector.DefaultSqlInjector - class com.yyok.share.admin.system.domain.Role ,Not found @TableId annotation, Cannot use Mybatis-Plus 'xxById' Method.
2022-09-08 19:00:18.824 [main] WARN  c.b.mybatisplus.core.metadata.TableInfoHelper - Can not find table primary key in Class: "com.yyok.share.admin.system.domain.Resource".
2022-09-08 19:00:18.825 [main] WARN  c.b.mybatisplus.core.injector.DefaultSqlInjector - class com.yyok.share.admin.system.domain.Resource ,Not found @TableId annotation, Cannot use Mybatis-Plus 'xxById' Method.
2022-09-08 19:00:18.845 [main] WARN  c.b.mybatisplus.core.metadata.TableInfoHelper - Can not find table primary key in Class: "com.yyok.share.admin.system.domain.RoleResource".
2022-09-08 19:00:18.845 [main] WARN  c.b.mybatisplus.core.injector.DefaultSqlInjector - class com.yyok.share.admin.system.domain.RoleResource ,Not found @TableId annotation, Cannot use Mybatis-Plus 'xxById' Method.
2022-09-08 19:00:19.008 [main] WARN  c.b.mybatisplus.core.metadata.TableInfoHelper - Can not find table primary key in Class: "com.yyok.share.admin.info.domain.DictInfo".
2022-09-08 19:00:19.008 [main] WARN  c.b.mybatisplus.core.injector.DefaultSqlInjector - class com.yyok.share.admin.info.domain.DictInfo ,Not found @TableId annotation, Cannot use Mybatis-Plus 'xxById' Method.
2022-09-08 19:00:19.066 [main] WARN  c.b.mybatisplus.core.metadata.TableInfoHelper - Can not find table primary key in Class: "com.yyok.share.admin.info.domain.DictInfoDetail".
2022-09-08 19:00:19.067 [main] WARN  c.b.mybatisplus.core.injector.DefaultSqlInjector - class com.yyok.share.admin.info.domain.DictInfoDetail ,Not found @TableId annotation, Cannot use Mybatis-Plus 'xxById' Method.
2022-09-08 19:00:19.162 [main] WARN  c.b.mybatisplus.core.metadata.TableInfoHelper - Can not find table primary key in Class: "com.yyok.share.admin.info.domain.UserAvatar".
2022-09-08 19:00:19.162 [main] WARN  c.b.mybatisplus.core.injector.DefaultSqlInjector - class com.yyok.share.admin.info.domain.UserAvatar ,Not found @TableId annotation, Cannot use Mybatis-Plus 'xxById' Method.
2022-09-08 19:00:19.267 [main] WARN  c.b.mybatisplus.core.metadata.TableInfoHelper - Can not find table primary key in Class: "com.yyok.share.admin.logging.domain.Log".
2022-09-08 19:00:19.268 [main] WARN  c.b.mybatisplus.core.injector.DefaultSqlInjector - class com.yyok.share.admin.logging.domain.Log ,Not found @TableId annotation, Cannot use Mybatis-Plus 'xxById' Method.
2022-09-08 19:00:19.378 [main] WARN  c.b.mybatisplus.core.metadata.TableInfoHelper - Can not find table primary key in Class: "com.yyok.share.admin.mnt.domain.Database".
2022-09-08 19:00:19.378 [main] WARN  c.b.mybatisplus.core.injector.DefaultSqlInjector - class com.yyok.share.admin.mnt.domain.Database ,Not found @TableId annotation, Cannot use Mybatis-Plus 'xxById' Method.
2022-09-08 19:00:19.786 [main] WARN  c.b.mybatisplus.core.metadata.TableInfoHelper - Can not find table primary key in Class: "com.yyok.share.admin.mnt.domain.Server".
2022-09-08 19:00:19.786 [main] WARN  c.b.mybatisplus.core.injector.DefaultSqlInjector - class com.yyok.share.admin.mnt.domain.Server ,Not found @TableId annotation, Cannot use Mybatis-Plus 'xxById' Method.
2022-09-08 19:00:19.845 [main] WARN  c.b.mybatisplus.core.metadata.TableInfoHelper - Can not find table primary key in Class: "com.yyok.share.admin.mnt.domain.ServerDeploy".
2022-09-08 19:00:19.845 [main] WARN  c.b.mybatisplus.core.injector.DefaultSqlInjector - class com.yyok.share.admin.mnt.domain.ServerDeploy ,Not found @TableId annotation, Cannot use Mybatis-Plus 'xxById' Method.
2022-09-08 19:00:19.911 [main] WARN  c.b.mybatisplus.core.metadata.TableInfoHelper - Can not find table primary key in Class: "com.yyok.share.admin.monitor.domain.Visits".
2022-09-08 19:00:19.911 [main] WARN  c.b.mybatisplus.core.injector.DefaultSqlInjector - class com.yyok.share.admin.monitor.domain.Visits ,Not found @TableId annotation, Cannot use Mybatis-Plus 'xxById' Method.
2022-09-08 19:00:20.059 [main] WARN  c.b.mybatisplus.core.metadata.TableInfoHelper - Can not find table primary key in Class: "com.yyok.share.kpi.domain.CAIdentityContainer".
2022-09-08 19:00:20.059 [main] WARN  c.b.mybatisplus.core.injector.DefaultSqlInjector - class com.yyok.share.kpi.domain.CAIdentityContainer ,Not found @TableId annotation, Cannot use Mybatis-Plus 'xxById' Method.
2022-09-08 19:00:20.146 [main] WARN  c.b.mybatisplus.core.metadata.TableInfoHelper - Can not find table primary key in Class: "com.yyok.share.kpi.domain.PKI".
2022-09-08 19:00:20.146 [main] WARN  c.b.mybatisplus.core.injector.DefaultSqlInjector - class com.yyok.share.kpi.domain.PKI ,Not found @TableId annotation, Cannot use Mybatis-Plus 'xxById' Method.
2022-09-08 19:00:20.162 [main] WARN  c.b.mybatisplus.core.metadata.TableInfoHelper - Can not find table primary key in Class: "com.yyok.share.kpi.domain.CertificateAuthority".
2022-09-08 19:00:20.162 [main] WARN  c.b.mybatisplus.core.injector.DefaultSqlInjector - class com.yyok.share.kpi.domain.CertificateAuthority ,Not found @TableId annotation, Cannot use Mybatis-Plus 'xxById' Method.
2022-09-08 19:00:20.421 [main] WARN  c.b.mybatisplus.core.metadata.TableInfoHelper - Can not find table primary key in Class: "com.yyok.share.admin.system.domain.AccountRole".
2022-09-08 19:00:20.421 [main] WARN  c.b.mybatisplus.core.injector.DefaultSqlInjector - class com.yyok.share.admin.system.domain.AccountRole ,Not found @TableId annotation, Cannot use Mybatis-Plus 'xxById' Method.
2022-09-08 19:00:20.513 [main] WARN  c.b.mybatisplus.core.metadata.TableInfoHelper - Can not find table primary key in Class: "com.yyok.share.admin.system.domain.RoleAcl".
2022-09-08 19:00:20.514 [main] WARN  c.b.mybatisplus.core.injector.DefaultSqlInjector - class com.yyok.share.admin.system.domain.RoleAcl ,Not found @TableId annotation, Cannot use Mybatis-Plus 'xxById' Method.
2022-09-08 19:00:20.561 [main] WARN  c.b.mybatisplus.core.metadata.TableInfoHelper - Can not find table primary key in Class: "com.yyok.share.admin.system.domain.RoleAbac".
2022-09-08 19:00:20.561 [main] WARN  c.b.mybatisplus.core.injector.DefaultSqlInjector - class com.yyok.share.admin.system.domain.RoleAbac ,Not found @TableId annotation, Cannot use Mybatis-Plus 'xxById' Method.
2022-09-08 19:00:20.628 [main] WARN  c.b.mybatisplus.core.metadata.TableInfoHelper - Can not find table primary key in Class: "com.yyok.share.admin.system.domain.Dict".
2022-09-08 19:00:20.628 [main] WARN  c.b.mybatisplus.core.injector.DefaultSqlInjector - class com.yyok.share.admin.system.domain.Dict ,Not found @TableId annotation, Cannot use Mybatis-Plus 'xxById' Method.
2022-09-08 19:00:20.682 [main] WARN  c.b.mybatisplus.core.metadata.TableInfoHelper - Can not find table primary key in Class: "com.yyok.share.admin.system.domain.DictDetail".
2022-09-08 19:00:20.682 [main] WARN  c.b.mybatisplus.core.injector.DefaultSqlInjector - class com.yyok.share.admin.system.domain.DictDetail ,Not found @TableId annotation, Cannot use Mybatis-Plus 'xxById' Method.
2022-09-08 19:00:20.793 [main] WARN  c.b.mybatisplus.core.metadata.TableInfoHelper - Can not find table primary key in Class: "com.yyok.share.admin.kafka.domain.Kafka".
2022-09-08 19:00:20.793 [main] WARN  c.b.mybatisplus.core.injector.DefaultSqlInjector - class com.yyok.share.admin.kafka.domain.Kafka ,Not found @TableId annotation, Cannot use Mybatis-Plus 'xxById' Method.
