2022-08-31 15:16:14.441 [background-preinit] INFO  org.hibernate.validator.internal.util.Version - HV000001: Hibernate Validator 6.2.4.Final
2022-08-31 15:16:14.507 [main] INFO  com.yyok.YYOKApplicationBootstrap - Starting YYOKApplicationBootstrap using Java 1.8.0_221 on yyok with PID 12492 (/ddhome/local/workspace/yyok/yyok-assemblies/yyok-assembly-boot/target/classes started by root in /ddhome/local/workspace/yyok)
2022-08-31 15:16:14.508 [main] INFO  com.yyok.YYOKApplicationBootstrap - The following 1 profile is active: "dev"
2022-08-31 15:16:21.727 [main] INFO  o.s.c.s.PostProcessorRegistrationDelegate$BeanPostProcessorChecker - Bean 'spring.datasource.dynamic-com.baomidou.dynamic.datasource.spring.boot.autoconfigure.DynamicDataSourceProperties' of type [com.baomidou.dynamic.datasource.spring.boot.autoconfigure.DynamicDataSourceProperties] is not eligible for getting processed by all BeanPostProcessors (for example: not eligible for auto-proxying)
2022-08-31 15:16:21.734 [main] INFO  o.s.c.s.PostProcessorRegistrationDelegate$BeanPostProcessorChecker - Bean 'com.baomidou.dynamic.datasource.spring.boot.autoconfigure.DynamicDataSourceAutoConfiguration' of type [com.baomidou.dynamic.datasource.spring.boot.autoconfigure.DynamicDataSourceAutoConfiguration$$EnhancerBySpringCGLIB$$ac67bdf9] is not eligible for getting processed by all BeanPostProcessors (for example: not eligible for auto-proxying)
2022-08-31 15:16:21.753 [main] INFO  o.s.c.s.PostProcessorRegistrationDelegate$BeanPostProcessorChecker - Bean 'dsProcessor' of type [com.baomidou.dynamic.datasource.processor.DsHeaderProcessor] is not eligible for getting processed by all BeanPostProcessors (for example: not eligible for auto-proxying)
2022-08-31 15:16:22.406 [main] INFO  o.s.boot.web.embedded.tomcat.TomcatWebServer - Tomcat initialized with port(s): 8000 (http)
2022-08-31 15:16:22.414 [main] INFO  org.apache.coyote.http11.Http11NioProtocol - Initializing ProtocolHandler ["http-nio-8000"]
2022-08-31 15:16:22.414 [main] INFO  org.apache.catalina.core.StandardService - Starting service [Tomcat]
2022-08-31 15:16:22.415 [main] INFO  org.apache.catalina.core.StandardEngine - Starting Servlet engine: [Apache Tomcat/9.0.65]
2022-08-31 15:16:22.568 [main] INFO  o.a.c.core.ContainerBase.[Tomcat].[localhost].[/] - Initializing Spring embedded WebApplicationContext
2022-08-31 15:16:22.569 [main] INFO  o.s.b.w.s.c.ServletWebServerApplicationContext - Root WebApplicationContext: initialization completed in 7803 ms
2022-08-31 15:16:23.146 [main] INFO  com.zaxxer.hikari.HikariDataSource - master - Starting...
2022-08-31 15:16:23.400 [main] INFO  com.zaxxer.hikari.HikariDataSource - master - Start completed.
2022-08-31 15:16:23.404 [main] INFO  com.zaxxer.hikari.HikariDataSource - slave - Starting...
2022-08-31 15:16:23.412 [main] INFO  com.zaxxer.hikari.HikariDataSource - slave - Start completed.
2022-08-31 15:16:23.415 [main] INFO  com.zaxxer.hikari.HikariDataSource - test - Starting...
2022-08-31 15:16:23.419 [main] INFO  com.zaxxer.hikari.HikariDataSource - test - Start completed.
2022-08-31 15:16:23.420 [main] INFO  c.b.dynamic.datasource.DynamicRoutingDataSource - dynamic-datasource - add a datasource named [slave] success
2022-08-31 15:16:23.420 [main] INFO  c.b.dynamic.datasource.DynamicRoutingDataSource - dynamic-datasource - add a datasource named [test] success
2022-08-31 15:16:23.420 [main] INFO  c.b.dynamic.datasource.DynamicRoutingDataSource - dynamic-datasource - add a datasource named [master] success
2022-08-31 15:16:23.420 [main] INFO  c.b.dynamic.datasource.DynamicRoutingDataSource - dynamic-datasource initial loaded [3] datasource,primary datasource named [master]
2022-08-31 15:16:24.074 [main] INFO  org.dozer.config.GlobalSettings - Trying to find Dozer configuration file: dozer.properties
2022-08-31 15:16:24.113 [main] INFO  org.dozer.DozerInitializer - Initializing Dozer. Version: 5.5.0, Thread Name: main
2022-08-31 15:16:24.130 [main] INFO  org.dozer.jmx.JMXPlatformImpl - Dozer JMX MBean [org.dozer.jmx:type=DozerStatisticsController] auto registered with the Platform MBean Server
2022-08-31 15:16:24.131 [main] INFO  org.dozer.jmx.JMXPlatformImpl - Dozer JMX MBean [org.dozer.jmx:type=DozerAdminController] auto registered with the Platform MBean Server
2022-08-31 15:16:24.131 [main] INFO  org.dozer.DozerBeanMapper - Initializing a new instance of dozer bean mapper.
2022-08-31 15:16:26.365 [main] INFO  org.quartz.impl.StdSchedulerFactory - Using default implementation for ThreadExecutor
2022-08-31 15:16:26.378 [main] INFO  org.quartz.core.SchedulerSignalerImpl - Initialized Scheduler Signaller of type: class org.quartz.core.SchedulerSignalerImpl
2022-08-31 15:16:26.378 [main] INFO  org.quartz.core.QuartzScheduler - Quartz Scheduler v.2.3.2 created.
2022-08-31 15:16:26.379 [main] INFO  org.quartz.simpl.RAMJobStore - RAMJobStore initialized.
2022-08-31 15:16:26.380 [main] INFO  org.quartz.core.QuartzScheduler - Scheduler meta-data: Quartz Scheduler (v2.3.2) 'QuartzScheduler' with instanceId 'NON_CLUSTERED'
  Scheduler class: 'org.quartz.core.QuartzScheduler' - running locally.
  NOT STARTED.
  Currently in standby mode.
  Number of jobs executed: 0
  Using thread pool 'org.quartz.simpl.SimpleThreadPool' - with 10 threads.
  Using job-store 'org.quartz.simpl.RAMJobStore' - which does not support persistence. and is not clustered.

2022-08-31 15:16:26.381 [main] INFO  org.quartz.impl.StdSchedulerFactory - Quartz scheduler 'QuartzScheduler' initialized from an externally provided properties instance.
2022-08-31 15:16:26.381 [main] INFO  org.quartz.impl.StdSchedulerFactory - Quartz scheduler version: 2.3.2
2022-08-31 15:16:26.381 [main] INFO  org.quartz.core.QuartzScheduler - JobFactory set to: com.yyok.share.admin.quartz.config.QuartzConfig$QuartzJobFactory@591ba330
2022-08-31 15:16:26.382 [main] INFO  org.quartz.core.QuartzScheduler - Scheduler QuartzScheduler_$_NON_CLUSTERED started.
2022-08-31 15:16:28.758 [main] INFO  o.s.security.web.DefaultSecurityFilterChain - Will secure any request with [org.springframework.security.web.session.DisableEncodeUrlFilter@6334c0d8, org.springframework.security.web.context.request.async.WebAsyncManagerIntegrationFilter@74ed3be4, org.springframework.security.web.context.SecurityContextPersistenceFilter@55cf5626, org.springframework.security.web.header.HeaderWriterFilter@7e0b68e5, org.springframework.security.web.authentication.logout.LogoutFilter@439d649c, org.springframework.web.filter.CorsFilter@1c2096c6, com.yyok.share.admin.security.domain.TokenFilter@48224381, org.springframework.security.web.authentication.www.BasicAuthenticationFilter@c7cbc2d, org.springframework.security.web.savedrequest.RequestCacheAwareFilter@7b55f0a6, org.springframework.security.web.servletapi.SecurityContextHolderAwareRequestFilter@1718de70, org.springframework.security.web.authentication.AnonymousAuthenticationFilter@41e43885, org.springframework.security.web.session.SessionManagementFilter@59509393, org.springframework.security.web.access.ExceptionTranslationFilter@63218586, org.springframework.security.web.access.intercept.FilterSecurityInterceptor@7af7c9aa]
2022-08-31 15:16:28.780 [main] INFO  com.yyok.share.framework.config.RedisConfig - 初始化 -> [Redis CacheErrorHandler]
2022-08-31 15:16:29.783 [main] INFO  org.quartz.impl.StdSchedulerFactory - Using default implementation for ThreadExecutor
2022-08-31 15:16:29.785 [main] INFO  org.quartz.core.SchedulerSignalerImpl - Initialized Scheduler Signaller of type: class org.quartz.core.SchedulerSignalerImpl
2022-08-31 15:16:29.785 [main] INFO  org.quartz.core.QuartzScheduler - Quartz Scheduler v.2.3.2 created.
2022-08-31 15:16:29.785 [main] INFO  org.quartz.simpl.RAMJobStore - RAMJobStore initialized.
2022-08-31 15:16:29.785 [main] INFO  org.quartz.core.QuartzScheduler - Scheduler meta-data: Quartz Scheduler (v2.3.2) 'quartzScheduler' with instanceId 'NON_CLUSTERED'
  Scheduler class: 'org.quartz.core.QuartzScheduler' - running locally.
  NOT STARTED.
  Currently in standby mode.
  Number of jobs executed: 0
  Using thread pool 'org.quartz.simpl.SimpleThreadPool' - with 10 threads.
  Using job-store 'org.quartz.simpl.RAMJobStore' - which does not support persistence. and is not clustered.

2022-08-31 15:16:29.785 [main] INFO  org.quartz.impl.StdSchedulerFactory - Quartz scheduler 'quartzScheduler' initialized from an externally provided properties instance.
2022-08-31 15:16:29.785 [main] INFO  org.quartz.impl.StdSchedulerFactory - Quartz scheduler version: 2.3.2
2022-08-31 15:16:29.785 [main] INFO  org.quartz.core.QuartzScheduler - JobFactory set to: org.springframework.scheduling.quartz.SpringBeanJobFactory@3ed3e66d
2022-08-31 15:16:29.914 [main] INFO  org.apache.coyote.http11.Http11NioProtocol - Starting ProtocolHandler ["http-nio-8000"]
2022-08-31 15:16:29.928 [main] INFO  o.s.boot.web.embedded.tomcat.TomcatWebServer - Tomcat started on port(s): 8000 (http) with context path ''
2022-08-31 15:16:30.489 [main] INFO  o.s.scheduling.quartz.SchedulerFactoryBean - Starting Quartz Scheduler now
2022-08-31 15:16:30.490 [main] INFO  org.quartz.core.QuartzScheduler - Scheduler quartzScheduler_$_NON_CLUSTERED started.
2022-08-31 15:16:30.499 [main] INFO  com.yyok.YYOKApplicationBootstrap - Started YYOKApplicationBootstrap in 18.169 seconds (JVM running for 21.661)
2022-08-31 15:16:31.349 [main] INFO  org.apache.kafka.clients.producer.ProducerConfig - ProducerConfig values: 
	acks = -1
	batch.size = 16384
	bootstrap.servers = [192.168.10.36:9092, 192.168.10.38:9092, 192.168.10.39:9092]
	buffer.memory = 33554432
	client.dns.lookup = use_all_dns_ips
	client.id = producer-1
	compression.type = none
	connections.max.idle.ms = 540000
	delivery.timeout.ms = 120000
	enable.idempotence = true
	interceptor.classes = []
	key.serializer = class org.apache.kafka.common.serialization.StringSerializer
	linger.ms = 6
	max.block.ms = 60000
	max.in.flight.requests.per.connection = 5
	max.request.size = 1048576
	metadata.max.age.ms = 300000
	metadata.max.idle.ms = 300000
	metric.reporters = []
	metrics.num.samples = 2
	metrics.recording.level = INFO
	metrics.sample.window.ms = 30000
	partitioner.class = class org.apache.kafka.clients.producer.internals.DefaultPartitioner
	receive.buffer.bytes = 32768
	reconnect.backoff.max.ms = 1000
	reconnect.backoff.ms = 50
	request.timeout.ms = 30000
	retries = 3
	retry.backoff.ms = 100
	sasl.client.callback.handler.class = null
	sasl.jaas.config = null
	sasl.kerberos.kinit.cmd = /usr/bin/kinit
	sasl.kerberos.min.time.before.relogin = 60000
	sasl.kerberos.service.name = null
	sasl.kerberos.ticket.renew.jitter = 0.05
	sasl.kerberos.ticket.renew.window.factor = 0.8
	sasl.login.callback.handler.class = null
	sasl.login.class = null
	sasl.login.connect.timeout.ms = null
	sasl.login.read.timeout.ms = null
	sasl.login.refresh.buffer.seconds = 300
	sasl.login.refresh.min.period.seconds = 60
	sasl.login.refresh.window.factor = 0.8
	sasl.login.refresh.window.jitter = 0.05
	sasl.login.retry.backoff.max.ms = 10000
	sasl.login.retry.backoff.ms = 100
	sasl.mechanism = GSSAPI
	sasl.oauthbearer.clock.skew.seconds = 30
	sasl.oauthbearer.expected.audience = null
	sasl.oauthbearer.expected.issuer = null
	sasl.oauthbearer.jwks.endpoint.refresh.ms = 3600000
	sasl.oauthbearer.jwks.endpoint.retry.backoff.max.ms = 10000
	sasl.oauthbearer.jwks.endpoint.retry.backoff.ms = 100
	sasl.oauthbearer.jwks.endpoint.url = null
	sasl.oauthbearer.scope.claim.name = scope
	sasl.oauthbearer.sub.claim.name = sub
	sasl.oauthbearer.token.endpoint.url = null
	security.protocol = PLAINTEXT
	security.providers = null
	send.buffer.bytes = 131072
	socket.connection.setup.timeout.max.ms = 30000
	socket.connection.setup.timeout.ms = 10000
	ssl.cipher.suites = null
	ssl.enabled.protocols = [TLSv1.2]
	ssl.endpoint.identification.algorithm = https
	ssl.engine.factory.class = null
	ssl.key.password = null
	ssl.keymanager.algorithm = SunX509
	ssl.keystore.certificate.chain = null
	ssl.keystore.key = null
	ssl.keystore.location = null
	ssl.keystore.password = null
	ssl.keystore.type = JKS
	ssl.protocol = TLSv1.2
	ssl.provider = null
	ssl.secure.random.implementation = null
	ssl.trustmanager.algorithm = PKIX
	ssl.truststore.certificates = null
	ssl.truststore.location = null
	ssl.truststore.password = null
	ssl.truststore.type = JKS
	transaction.timeout.ms = 60000
	transactional.id = null
	value.serializer = class org.apache.kafka.common.serialization.StringSerializer

2022-08-31 15:16:31.393 [main] INFO  org.apache.kafka.clients.producer.KafkaProducer - [Producer clientId=producer-1] Instantiated an idempotent producer.
2022-08-31 15:16:31.457 [main] INFO  org.apache.kafka.common.utils.AppInfoParser - Kafka version: 3.1.1
2022-08-31 15:16:31.457 [main] INFO  org.apache.kafka.common.utils.AppInfoParser - Kafka commitId: 97671528ba54a138
2022-08-31 15:16:31.458 [main] INFO  org.apache.kafka.common.utils.AppInfoParser - Kafka startTimeMs: 1661930191454
2022-08-31 15:16:31.683 [kafka-producer-network-thread | producer-1] INFO  org.apache.kafka.clients.NetworkClient - [Producer clientId=producer-1] Node -1 disconnected.
2022-08-31 15:16:31.758 [kafka-producer-network-thread | producer-1] INFO  o.a.k.c.producer.internals.TransactionManager - [Producer clientId=producer-1] ProducerId set to 5015 with epoch 0
2022-08-31 15:16:31.801 [kafka-producer-network-thread | producer-1] INFO  org.apache.kafka.clients.Metadata - [Producer clientId=producer-1] Resetting the last seen epoch of partition logs-0 to 13 since the associated topicId changed from null to bKeEi_LBR7yj82Ppy81Tyw
2022-08-31 15:16:31.801 [kafka-producer-network-thread | producer-1] INFO  org.apache.kafka.clients.Metadata - [Producer clientId=producer-1] Resetting the last seen epoch of partition logs-2 to 18 since the associated topicId changed from null to bKeEi_LBR7yj82Ppy81Tyw
2022-08-31 15:16:31.801 [kafka-producer-network-thread | producer-1] INFO  org.apache.kafka.clients.Metadata - [Producer clientId=producer-1] Resetting the last seen epoch of partition logs-1 to 17 since the associated topicId changed from null to bKeEi_LBR7yj82Ppy81Tyw
2022-08-31 15:16:31.803 [kafka-producer-network-thread | producer-1] INFO  org.apache.kafka.clients.Metadata - [Producer clientId=producer-1] Cluster ID: UMzeEXmTT8-leZGbe-_Tkw
2022-08-31 15:17:16.659 [http-nio-8000-exec-1] INFO  o.a.c.core.ContainerBase.[Tomcat].[localhost].[/] - Initializing Spring DispatcherServlet 'dispatcherServlet'
2022-08-31 15:18:36.188 [http-nio-8000-exec-8] INFO  org.dozer.DozerBeanMapper - Using the following xml files to load custom mappings for the bean mapper instance: [file:/ddhome/local/workspace/yyok/yyok-shares/yyok-share-framework/target/classes/dozer/bean-mappings.xml, file:/ddhome/local/workspace/yyok/yyok-shares/yyok-share-framework/target/classes/dozer/global-configuration.xml]
2022-08-31 15:18:36.189 [http-nio-8000-exec-8] INFO  org.dozer.DozerBeanMapper - Trying to find xml mapping file: file:/ddhome/local/workspace/yyok/yyok-shares/yyok-share-framework/target/classes/dozer/bean-mappings.xml
2022-08-31 15:18:36.191 [http-nio-8000-exec-8] INFO  org.dozer.DozerBeanMapper - Using URL [file:/ddhome/local/workspace/yyok/yyok-shares/yyok-share-framework/target/classes/dozer/bean-mappings.xml] to load custom xml mappings
2022-08-31 15:18:36.338 [http-nio-8000-exec-8] INFO  org.dozer.DozerBeanMapper - Successfully loaded custom xml mappings from URL: [file:/ddhome/local/workspace/yyok/yyok-shares/yyok-share-framework/target/classes/dozer/bean-mappings.xml]
2022-08-31 15:18:36.338 [http-nio-8000-exec-8] INFO  org.dozer.DozerBeanMapper - Trying to find xml mapping file: file:/ddhome/local/workspace/yyok/yyok-shares/yyok-share-framework/target/classes/dozer/global-configuration.xml
2022-08-31 15:18:36.339 [http-nio-8000-exec-8] INFO  org.dozer.DozerBeanMapper - Using URL [file:/ddhome/local/workspace/yyok/yyok-shares/yyok-share-framework/target/classes/dozer/global-configuration.xml] to load custom xml mappings
2022-08-31 15:18:36.346 [http-nio-8000-exec-8] INFO  org.dozer.DozerBeanMapper - Successfully loaded custom xml mappings from URL: [file:/ddhome/local/workspace/yyok/yyok-shares/yyok-share-framework/target/classes/dozer/global-configuration.xml]
2022-08-31 15:19:53.130 [http-nio-8000-exec-10] INFO  c.y.a.admin.pki.controller.CertificatesController - Received new self-signed certificate request
2022-08-31 15:25:37.594 [kafka-producer-network-thread | producer-1] INFO  org.apache.kafka.clients.NetworkClient - [Producer clientId=producer-1] Node -3 disconnected.
2022-08-31 15:34:37.778 [kafka-producer-network-thread | producer-1] INFO  org.apache.kafka.clients.NetworkClient - [Producer clientId=producer-1] Node 2 disconnected.
2022-08-31 17:38:20.673 [SpringApplicationShutdownHook] INFO  org.quartz.core.QuartzScheduler - Scheduler quartzScheduler_$_NON_CLUSTERED paused.
2022-08-31 17:38:20.702 [SpringApplicationShutdownHook] INFO  o.s.scheduling.quartz.SchedulerFactoryBean - Shutting down Quartz Scheduler
2022-08-31 17:38:20.702 [SpringApplicationShutdownHook] INFO  org.quartz.core.QuartzScheduler - Scheduler quartzScheduler_$_NON_CLUSTERED shutting down.
2022-08-31 17:38:20.702 [SpringApplicationShutdownHook] INFO  org.quartz.core.QuartzScheduler - Scheduler quartzScheduler_$_NON_CLUSTERED paused.
2022-08-31 17:38:20.703 [SpringApplicationShutdownHook] INFO  org.quartz.core.QuartzScheduler - Scheduler quartzScheduler_$_NON_CLUSTERED shutdown complete.
2022-08-31 17:38:20.714 [SpringApplicationShutdownHook] INFO  org.quartz.core.QuartzScheduler - Scheduler QuartzScheduler_$_NON_CLUSTERED shutting down.
2022-08-31 17:38:20.714 [SpringApplicationShutdownHook] INFO  org.quartz.core.QuartzScheduler - Scheduler QuartzScheduler_$_NON_CLUSTERED paused.
2022-08-31 17:38:20.715 [SpringApplicationShutdownHook] INFO  org.quartz.core.QuartzScheduler - Scheduler QuartzScheduler_$_NON_CLUSTERED shutdown complete.
2022-08-31 17:38:21.393 [SpringApplicationShutdownHook] INFO  org.dozer.jmx.JMXPlatformImpl - Unregistering existing Dozer JMX MBean [org.dozer.jmx:type=DozerAdminController].
2022-08-31 17:38:21.395 [SpringApplicationShutdownHook] INFO  org.dozer.jmx.JMXPlatformImpl - Unregistering existing Dozer JMX MBean [org.dozer.jmx:type=DozerStatisticsController].
2022-08-31 17:38:21.397 [SpringApplicationShutdownHook] INFO  c.b.dynamic.datasource.DynamicRoutingDataSource - dynamic-datasource start closing ....
2022-08-31 17:38:21.398 [SpringApplicationShutdownHook] INFO  com.zaxxer.hikari.HikariDataSource - slave - Shutdown initiated...
2022-08-31 17:38:21.433 [SpringApplicationShutdownHook] INFO  com.zaxxer.hikari.HikariDataSource - slave - Shutdown completed.
2022-08-31 17:38:21.433 [SpringApplicationShutdownHook] INFO  com.zaxxer.hikari.HikariDataSource - test - Shutdown initiated...
2022-08-31 17:38:21.445 [SpringApplicationShutdownHook] INFO  com.zaxxer.hikari.HikariDataSource - test - Shutdown completed.
2022-08-31 17:38:21.446 [SpringApplicationShutdownHook] INFO  com.zaxxer.hikari.HikariDataSource - master - Shutdown initiated...
2022-08-31 17:38:21.458 [SpringApplicationShutdownHook] INFO  com.zaxxer.hikari.HikariDataSource - master - Shutdown completed.
2022-08-31 17:38:21.459 [SpringApplicationShutdownHook] INFO  c.b.dynamic.datasource.DynamicRoutingDataSource - dynamic-datasource all closed success,bye
2022-08-31 22:26:17.665 [background-preinit] INFO  org.hibernate.validator.internal.util.Version - HV000001: Hibernate Validator 6.2.4.Final
2022-08-31 22:26:17.882 [main] INFO  com.yyok.YYOKApplicationBootstrap - Starting YYOKApplicationBootstrap using Java 1.8.0_221 on yyok with PID 37059 (/ddhome/local/workspace/yyok/yyok-assemblies/yyok-assembly-boot/target/classes started by root in /ddhome/local/workspace/yyok)
2022-08-31 22:26:17.883 [main] INFO  com.yyok.YYOKApplicationBootstrap - The following 1 profile is active: "dev"
2022-08-31 22:26:25.359 [main] INFO  o.s.c.s.PostProcessorRegistrationDelegate$BeanPostProcessorChecker - Bean 'spring.datasource.dynamic-com.baomidou.dynamic.datasource.spring.boot.autoconfigure.DynamicDataSourceProperties' of type [com.baomidou.dynamic.datasource.spring.boot.autoconfigure.DynamicDataSourceProperties] is not eligible for getting processed by all BeanPostProcessors (for example: not eligible for auto-proxying)
2022-08-31 22:26:25.366 [main] INFO  o.s.c.s.PostProcessorRegistrationDelegate$BeanPostProcessorChecker - Bean 'com.baomidou.dynamic.datasource.spring.boot.autoconfigure.DynamicDataSourceAutoConfiguration' of type [com.baomidou.dynamic.datasource.spring.boot.autoconfigure.DynamicDataSourceAutoConfiguration$$EnhancerBySpringCGLIB$$fdf7a400] is not eligible for getting processed by all BeanPostProcessors (for example: not eligible for auto-proxying)
2022-08-31 22:26:25.385 [main] INFO  o.s.c.s.PostProcessorRegistrationDelegate$BeanPostProcessorChecker - Bean 'dsProcessor' of type [com.baomidou.dynamic.datasource.processor.DsHeaderProcessor] is not eligible for getting processed by all BeanPostProcessors (for example: not eligible for auto-proxying)
2022-08-31 22:26:25.449 [main] INFO  o.s.c.s.PostProcessorRegistrationDelegate$BeanPostProcessorChecker - Bean 'redisConfig' of type [com.yyok.share.framework.config.RedisConfig$$EnhancerBySpringCGLIB$$5f448869] is not eligible for getting processed by all BeanPostProcessors (for example: not eligible for auto-proxying)
2022-08-31 22:26:25.454 [main] INFO  com.yyok.share.framework.config.RedisConfig - 初始化 -> [Redis CacheErrorHandler]
2022-08-31 22:26:25.455 [main] INFO  o.s.c.s.PostProcessorRegistrationDelegate$BeanPostProcessorChecker - Bean 'errorHandler' of type [com.yyok.share.framework.config.RedisConfig$1] is not eligible for getting processed by all BeanPostProcessors (for example: not eligible for auto-proxying)
2022-08-31 22:26:25.935 [main] INFO  o.s.boot.web.embedded.tomcat.TomcatWebServer - Tomcat initialized with port(s): 8000 (http)
2022-08-31 22:26:25.944 [main] INFO  org.apache.coyote.http11.Http11NioProtocol - Initializing ProtocolHandler ["http-nio-8000"]
2022-08-31 22:26:25.945 [main] INFO  org.apache.catalina.core.StandardService - Starting service [Tomcat]
2022-08-31 22:26:25.945 [main] INFO  org.apache.catalina.core.StandardEngine - Starting Servlet engine: [Apache Tomcat/9.0.65]
2022-08-31 22:26:26.115 [main] INFO  o.a.c.core.ContainerBase.[Tomcat].[localhost].[/] - Initializing Spring embedded WebApplicationContext
2022-08-31 22:26:26.115 [main] INFO  o.s.b.w.s.c.ServletWebServerApplicationContext - Root WebApplicationContext: initialization completed in 8019 ms
2022-08-31 22:26:26.606 [main] INFO  com.zaxxer.hikari.HikariDataSource - master - Starting...
2022-08-31 22:26:26.843 [main] INFO  com.zaxxer.hikari.HikariDataSource - master - Start completed.
2022-08-31 22:26:26.848 [main] INFO  com.zaxxer.hikari.HikariDataSource - slave - Starting...
2022-08-31 22:26:26.866 [main] INFO  com.zaxxer.hikari.HikariDataSource - slave - Start completed.
2022-08-31 22:26:26.870 [main] INFO  com.zaxxer.hikari.HikariDataSource - test - Starting...
2022-08-31 22:26:26.875 [main] INFO  com.zaxxer.hikari.HikariDataSource - test - Start completed.
2022-08-31 22:26:26.875 [main] INFO  c.b.dynamic.datasource.DynamicRoutingDataSource - dynamic-datasource - add a datasource named [slave] success
2022-08-31 22:26:26.875 [main] INFO  c.b.dynamic.datasource.DynamicRoutingDataSource - dynamic-datasource - add a datasource named [test] success
2022-08-31 22:26:26.876 [main] INFO  c.b.dynamic.datasource.DynamicRoutingDataSource - dynamic-datasource - add a datasource named [master] success
2022-08-31 22:26:26.876 [main] INFO  c.b.dynamic.datasource.DynamicRoutingDataSource - dynamic-datasource initial loaded [3] datasource,primary datasource named [master]
2022-08-31 22:26:28.140 [main] INFO  org.dozer.config.GlobalSettings - Trying to find Dozer configuration file: dozer.properties
2022-08-31 22:26:28.177 [main] INFO  org.dozer.DozerInitializer - Initializing Dozer. Version: 5.5.0, Thread Name: main
2022-08-31 22:26:28.181 [main] INFO  org.dozer.jmx.JMXPlatformImpl - Dozer JMX MBean [org.dozer.jmx:type=DozerStatisticsController] auto registered with the Platform MBean Server
2022-08-31 22:26:28.183 [main] INFO  org.dozer.jmx.JMXPlatformImpl - Dozer JMX MBean [org.dozer.jmx:type=DozerAdminController] auto registered with the Platform MBean Server
2022-08-31 22:26:28.184 [main] INFO  org.dozer.DozerBeanMapper - Initializing a new instance of dozer bean mapper.
2022-08-31 22:26:30.225 [main] INFO  org.quartz.impl.StdSchedulerFactory - Using default implementation for ThreadExecutor
2022-08-31 22:26:30.238 [main] INFO  org.quartz.core.SchedulerSignalerImpl - Initialized Scheduler Signaller of type: class org.quartz.core.SchedulerSignalerImpl
2022-08-31 22:26:30.238 [main] INFO  org.quartz.core.QuartzScheduler - Quartz Scheduler v.2.3.2 created.
2022-08-31 22:26:30.239 [main] INFO  org.quartz.simpl.RAMJobStore - RAMJobStore initialized.
2022-08-31 22:26:30.240 [main] INFO  org.quartz.core.QuartzScheduler - Scheduler meta-data: Quartz Scheduler (v2.3.2) 'QuartzScheduler' with instanceId 'NON_CLUSTERED'
  Scheduler class: 'org.quartz.core.QuartzScheduler' - running locally.
  NOT STARTED.
  Currently in standby mode.
  Number of jobs executed: 0
  Using thread pool 'org.quartz.simpl.SimpleThreadPool' - with 10 threads.
  Using job-store 'org.quartz.simpl.RAMJobStore' - which does not support persistence. and is not clustered.

2022-08-31 22:26:30.240 [main] INFO  org.quartz.impl.StdSchedulerFactory - Quartz scheduler 'QuartzScheduler' initialized from an externally provided properties instance.
2022-08-31 22:26:30.240 [main] INFO  org.quartz.impl.StdSchedulerFactory - Quartz scheduler version: 2.3.2
2022-08-31 22:26:30.240 [main] INFO  org.quartz.core.QuartzScheduler - JobFactory set to: com.yyok.share.admin.quartz.config.QuartzConfig$QuartzJobFactory@584fb03d
2022-08-31 22:26:30.241 [main] INFO  org.quartz.core.QuartzScheduler - Scheduler QuartzScheduler_$_NON_CLUSTERED started.
2022-08-31 22:26:32.618 [main] INFO  o.s.security.web.DefaultSecurityFilterChain - Will secure any request with [org.springframework.security.web.session.DisableEncodeUrlFilter@41092c8, org.springframework.security.web.context.request.async.WebAsyncManagerIntegrationFilter@2e590e36, org.springframework.security.web.context.SecurityContextPersistenceFilter@442151d1, org.springframework.security.web.header.HeaderWriterFilter@a70daf4, org.springframework.security.web.authentication.logout.LogoutFilter@fd5c7f6, org.springframework.web.filter.CorsFilter@1a7d0c9f, com.yyok.share.admin.security.domain.TokenFilter@3fc2a1d1, org.springframework.security.web.authentication.www.BasicAuthenticationFilter@4779df3d, org.springframework.security.web.savedrequest.RequestCacheAwareFilter@79080255, org.springframework.security.web.servletapi.SecurityContextHolderAwareRequestFilter@225fb75e, org.springframework.security.web.authentication.AnonymousAuthenticationFilter@752e4223, org.springframework.security.web.session.SessionManagementFilter@62158618, org.springframework.security.web.access.ExceptionTranslationFilter@37b44e8e, org.springframework.security.web.access.intercept.FilterSecurityInterceptor@497c1d78]
2022-08-31 22:26:33.856 [main] INFO  org.quartz.impl.StdSchedulerFactory - Using default implementation for ThreadExecutor
2022-08-31 22:26:33.857 [main] INFO  org.quartz.core.SchedulerSignalerImpl - Initialized Scheduler Signaller of type: class org.quartz.core.SchedulerSignalerImpl
2022-08-31 22:26:33.857 [main] INFO  org.quartz.core.QuartzScheduler - Quartz Scheduler v.2.3.2 created.
2022-08-31 22:26:33.857 [main] INFO  org.quartz.simpl.RAMJobStore - RAMJobStore initialized.
2022-08-31 22:26:33.857 [main] INFO  org.quartz.core.QuartzScheduler - Scheduler meta-data: Quartz Scheduler (v2.3.2) 'quartzScheduler' with instanceId 'NON_CLUSTERED'
  Scheduler class: 'org.quartz.core.QuartzScheduler' - running locally.
  NOT STARTED.
  Currently in standby mode.
  Number of jobs executed: 0
  Using thread pool 'org.quartz.simpl.SimpleThreadPool' - with 10 threads.
  Using job-store 'org.quartz.simpl.RAMJobStore' - which does not support persistence. and is not clustered.

2022-08-31 22:26:33.858 [main] INFO  org.quartz.impl.StdSchedulerFactory - Quartz scheduler 'quartzScheduler' initialized from an externally provided properties instance.
2022-08-31 22:26:33.858 [main] INFO  org.quartz.impl.StdSchedulerFactory - Quartz scheduler version: 2.3.2
2022-08-31 22:26:33.858 [main] INFO  org.quartz.core.QuartzScheduler - JobFactory set to: org.springframework.scheduling.quartz.SpringBeanJobFactory@14d9ae22
2022-08-31 22:26:34.043 [main] INFO  org.apache.coyote.http11.Http11NioProtocol - Starting ProtocolHandler ["http-nio-8000"]
2022-08-31 22:26:34.055 [main] INFO  o.s.boot.web.embedded.tomcat.TomcatWebServer - Tomcat started on port(s): 8000 (http) with context path ''
2022-08-31 22:26:34.589 [main] INFO  o.s.scheduling.quartz.SchedulerFactoryBean - Starting Quartz Scheduler now
2022-08-31 22:26:34.589 [main] INFO  org.quartz.core.QuartzScheduler - Scheduler quartzScheduler_$_NON_CLUSTERED started.
2022-08-31 22:26:34.599 [main] INFO  com.yyok.YYOKApplicationBootstrap - Started YYOKApplicationBootstrap in 17.859 seconds (JVM running for 26.353)
